[2023-07-07T19:03:54.820+0000] {taskinstance.py:1103} INFO - Dependencies all met for dep_context=non-requeueable deps ti=<TaskInstance: dag_scrap_biobio_v7.scrap_data manual__2023-07-07T19:03:53.268374+00:00 [queued]>
[2023-07-07T19:03:54.826+0000] {taskinstance.py:1103} INFO - Dependencies all met for dep_context=requeueable deps ti=<TaskInstance: dag_scrap_biobio_v7.scrap_data manual__2023-07-07T19:03:53.268374+00:00 [queued]>
[2023-07-07T19:03:54.827+0000] {taskinstance.py:1308} INFO - Starting attempt 1 of 1
[2023-07-07T19:03:54.837+0000] {taskinstance.py:1327} INFO - Executing <Task(_PythonVirtualenvDecoratedOperator): scrap_data> on 2023-07-07 19:03:53.268374+00:00
[2023-07-07T19:03:54.841+0000] {standard_task_runner.py:57} INFO - Started process 2250 to run task
[2023-07-07T19:03:54.843+0000] {standard_task_runner.py:84} INFO - Running: ['***', 'tasks', 'run', 'dag_scrap_biobio_v7', 'scrap_data', 'manual__2023-07-07T19:03:53.268374+00:00', '--job-id', '93', '--raw', '--subdir', 'DAGS_FOLDER/dag_scrap_biobio.py', '--cfg-path', '/tmp/tmp42ysqmus']
[2023-07-07T19:03:54.843+0000] {standard_task_runner.py:85} INFO - Job 93: Subtask scrap_data
[2023-07-07T19:03:54.872+0000] {task_command.py:410} INFO - Running <TaskInstance: dag_scrap_biobio_v7.scrap_data manual__2023-07-07T19:03:53.268374+00:00 [running]> on host d409bdcb9602
[2023-07-07T19:03:54.927+0000] {taskinstance.py:1547} INFO - Exporting env vars: AIRFLOW_CTX_DAG_OWNER='***' AIRFLOW_CTX_DAG_ID='dag_scrap_biobio_v7' AIRFLOW_CTX_TASK_ID='scrap_data' AIRFLOW_CTX_EXECUTION_DATE='2023-07-07T19:03:53.268374+00:00' AIRFLOW_CTX_TRY_NUMBER='1' AIRFLOW_CTX_DAG_RUN_ID='manual__2023-07-07T19:03:53.268374+00:00'
[2023-07-07T19:03:54.928+0000] {process_utils.py:181} INFO - Executing cmd: /usr/local/bin/python -m virtualenv /tmp/venv8pe2gi4d
[2023-07-07T19:03:54.934+0000] {process_utils.py:185} INFO - Output:
[2023-07-07T19:03:55.613+0000] {process_utils.py:189} INFO - created virtual environment CPython3.7.17.final.0-64 in 164ms
[2023-07-07T19:03:55.613+0000] {process_utils.py:189} INFO -   creator CPython3Posix(dest=/tmp/venv8pe2gi4d, clear=False, no_vcs_ignore=False, global=False)
[2023-07-07T19:03:55.613+0000] {process_utils.py:189} INFO -   seeder FromAppData(download=False, pip=bundle, setuptools=bundle, wheel=bundle, via=copy, app_data_dir=/home/***/.local/share/virtualenv)
[2023-07-07T19:03:55.613+0000] {process_utils.py:189} INFO -     added seed packages: pip==23.1.2, setuptools==67.8.0, wheel==0.40.0
[2023-07-07T19:03:55.614+0000] {process_utils.py:189} INFO -   activators BashActivator,CShellActivator,FishActivator,NushellActivator,PowerShellActivator,PythonActivator
[2023-07-07T19:03:55.642+0000] {process_utils.py:181} INFO - Executing cmd: /tmp/venv8pe2gi4d/bin/pip install -r /tmp/venv8pe2gi4d/requirements.txt
[2023-07-07T19:03:55.652+0000] {process_utils.py:185} INFO - Output:
[2023-07-07T19:03:56.727+0000] {process_utils.py:189} INFO - Collecting selenium (from -r /tmp/venv8pe2gi4d/requirements.txt (line 1))
[2023-07-07T19:03:56.739+0000] {process_utils.py:189} INFO -   Using cached selenium-4.10.0-py3-none-any.whl (6.7 MB)
[2023-07-07T19:03:56.923+0000] {process_utils.py:189} INFO - Collecting dateparser (from -r /tmp/venv8pe2gi4d/requirements.txt (line 2))
[2023-07-07T19:03:57.065+0000] {process_utils.py:189} INFO -   Downloading dateparser-1.1.8-py2.py3-none-any.whl (293 kB)
[2023-07-07T19:03:57.136+0000] {process_utils.py:189} INFO -      ━━━━━━━━━━━━━━━━━━━━━━━━━━━━━━━━━━━━━━━ 293.8/293.8 kB 4.2 MB/s eta 0:00:00
[2023-07-07T19:03:57.209+0000] {process_utils.py:189} INFO - Collecting urllib3[socks]<3,>=1.26 (from selenium->-r /tmp/venv8pe2gi4d/requirements.txt (line 1))
[2023-07-07T19:03:57.211+0000] {process_utils.py:189} INFO -   Using cached urllib3-2.0.3-py3-none-any.whl (123 kB)
[2023-07-07T19:03:57.251+0000] {process_utils.py:189} INFO - Collecting trio~=0.17 (from selenium->-r /tmp/venv8pe2gi4d/requirements.txt (line 1))
[2023-07-07T19:03:57.253+0000] {process_utils.py:189} INFO -   Using cached trio-0.22.1-py3-none-any.whl (399 kB)
[2023-07-07T19:03:57.298+0000] {process_utils.py:189} INFO - Collecting trio-websocket~=0.9 (from selenium->-r /tmp/venv8pe2gi4d/requirements.txt (line 1))
[2023-07-07T19:03:57.299+0000] {process_utils.py:189} INFO -   Using cached trio_websocket-0.10.3-py3-none-any.whl (17 kB)
[2023-07-07T19:03:57.353+0000] {process_utils.py:189} INFO - Collecting certifi>=2021.10.8 (from selenium->-r /tmp/venv8pe2gi4d/requirements.txt (line 1))
[2023-07-07T19:03:57.355+0000] {process_utils.py:189} INFO -   Using cached certifi-2023.5.7-py3-none-any.whl (156 kB)
[2023-07-07T19:03:57.409+0000] {process_utils.py:189} INFO - Collecting python-dateutil (from dateparser->-r /tmp/venv8pe2gi4d/requirements.txt (line 2))
[2023-07-07T19:03:57.412+0000] {process_utils.py:189} INFO -   Using cached python_dateutil-2.8.2-py2.py3-none-any.whl (247 kB)
[2023-07-07T19:03:57.496+0000] {process_utils.py:189} INFO - Collecting pytz (from dateparser->-r /tmp/venv8pe2gi4d/requirements.txt (line 2))
[2023-07-07T19:03:57.500+0000] {process_utils.py:189} INFO -   Using cached pytz-2023.3-py2.py3-none-any.whl (502 kB)
[2023-07-07T19:03:58.282+0000] {process_utils.py:189} INFO - Collecting regex!=2019.02.19,!=2021.8.27 (from dateparser->-r /tmp/venv8pe2gi4d/requirements.txt (line 2))
[2023-07-07T19:03:58.308+0000] {process_utils.py:189} INFO -   Downloading regex-2023.6.3-cp37-cp37m-manylinux_2_17_x86_64.manylinux2014_x86_64.whl (755 kB)
[2023-07-07T19:03:58.401+0000] {process_utils.py:189} INFO -      ━━━━━━━━━━━━━━━━━━━━━━━━━━━━━━━━━━━━━━ 755.7/755.7 kB 10.9 MB/s eta 0:00:00
[2023-07-07T19:03:58.444+0000] {process_utils.py:189} INFO - Collecting tzlocal (from dateparser->-r /tmp/venv8pe2gi4d/requirements.txt (line 2))
[2023-07-07T19:03:58.471+0000] {process_utils.py:189} INFO -   Downloading tzlocal-5.0.1-py3-none-any.whl (20 kB)
[2023-07-07T19:03:58.555+0000] {process_utils.py:189} INFO - Collecting attrs>=20.1.0 (from trio~=0.17->selenium->-r /tmp/venv8pe2gi4d/requirements.txt (line 1))
[2023-07-07T19:03:58.557+0000] {process_utils.py:189} INFO -   Using cached attrs-23.1.0-py3-none-any.whl (61 kB)
[2023-07-07T19:03:58.610+0000] {process_utils.py:189} INFO - Collecting sortedcontainers (from trio~=0.17->selenium->-r /tmp/venv8pe2gi4d/requirements.txt (line 1))
[2023-07-07T19:03:58.613+0000] {process_utils.py:189} INFO -   Using cached sortedcontainers-2.4.0-py2.py3-none-any.whl (29 kB)
[2023-07-07T19:03:58.664+0000] {process_utils.py:189} INFO - Collecting idna (from trio~=0.17->selenium->-r /tmp/venv8pe2gi4d/requirements.txt (line 1))
[2023-07-07T19:03:58.666+0000] {process_utils.py:189} INFO -   Using cached idna-3.4-py3-none-any.whl (61 kB)
[2023-07-07T19:03:58.716+0000] {process_utils.py:189} INFO - Collecting outcome (from trio~=0.17->selenium->-r /tmp/venv8pe2gi4d/requirements.txt (line 1))
[2023-07-07T19:03:58.718+0000] {process_utils.py:189} INFO -   Using cached outcome-1.2.0-py2.py3-none-any.whl (9.7 kB)
[2023-07-07T19:03:58.762+0000] {process_utils.py:189} INFO - Collecting sniffio (from trio~=0.17->selenium->-r /tmp/venv8pe2gi4d/requirements.txt (line 1))
[2023-07-07T19:03:58.764+0000] {process_utils.py:189} INFO -   Using cached sniffio-1.3.0-py3-none-any.whl (10 kB)
[2023-07-07T19:03:58.822+0000] {process_utils.py:189} INFO - Collecting exceptiongroup>=1.0.0rc9 (from trio~=0.17->selenium->-r /tmp/venv8pe2gi4d/requirements.txt (line 1))
[2023-07-07T19:03:58.824+0000] {process_utils.py:189} INFO -   Using cached exceptiongroup-1.1.2-py3-none-any.whl (14 kB)
[2023-07-07T19:03:58.885+0000] {process_utils.py:189} INFO - Collecting wsproto>=0.14 (from trio-websocket~=0.9->selenium->-r /tmp/venv8pe2gi4d/requirements.txt (line 1))
[2023-07-07T19:03:58.888+0000] {process_utils.py:189} INFO -   Using cached wsproto-1.2.0-py3-none-any.whl (24 kB)
[2023-07-07T19:03:58.945+0000] {process_utils.py:189} INFO - Collecting pysocks!=1.5.7,<2.0,>=1.5.6 (from urllib3[socks]<3,>=1.26->selenium->-r /tmp/venv8pe2gi4d/requirements.txt (line 1))
[2023-07-07T19:03:58.946+0000] {process_utils.py:189} INFO -   Using cached PySocks-1.7.1-py3-none-any.whl (16 kB)
[2023-07-07T19:03:59.004+0000] {process_utils.py:189} INFO - Collecting six>=1.5 (from python-dateutil->dateparser->-r /tmp/venv8pe2gi4d/requirements.txt (line 2))
[2023-07-07T19:03:59.007+0000] {process_utils.py:189} INFO -   Using cached six-1.16.0-py2.py3-none-any.whl (11 kB)
[2023-07-07T19:03:59.179+0000] {process_utils.py:189} INFO - Collecting backports.zoneinfo (from tzlocal->dateparser->-r /tmp/venv8pe2gi4d/requirements.txt (line 2))
[2023-07-07T19:03:59.210+0000] {process_utils.py:189} INFO -   Downloading backports.zoneinfo-0.2.1-cp37-cp37m-manylinux1_x86_64.whl (70 kB)
[2023-07-07T19:03:59.220+0000] {process_utils.py:189} INFO -      ━━━━━━━━━━━━━━━━━━━━━━━━━━━━━━━━━━━━━━━━ 70.7/70.7 kB 7.2 MB/s eta 0:00:00
[2023-07-07T19:03:59.399+0000] {process_utils.py:189} INFO - Collecting importlib-metadata (from attrs>=20.1.0->trio~=0.17->selenium->-r /tmp/venv8pe2gi4d/requirements.txt (line 1))
[2023-07-07T19:03:59.401+0000] {process_utils.py:189} INFO -   Using cached importlib_metadata-6.7.0-py3-none-any.whl (22 kB)
[2023-07-07T19:03:59.454+0000] {process_utils.py:189} INFO - Collecting h11<1,>=0.9.0 (from wsproto>=0.14->trio-websocket~=0.9->selenium->-r /tmp/venv8pe2gi4d/requirements.txt (line 1))
[2023-07-07T19:03:59.456+0000] {process_utils.py:189} INFO -   Using cached h11-0.14.0-py3-none-any.whl (58 kB)
[2023-07-07T19:03:59.530+0000] {process_utils.py:189} INFO - Collecting typing-extensions (from h11<1,>=0.9.0->wsproto>=0.14->trio-websocket~=0.9->selenium->-r /tmp/venv8pe2gi4d/requirements.txt (line 1))
[2023-07-07T19:03:59.532+0000] {process_utils.py:189} INFO -   Using cached typing_extensions-4.7.1-py3-none-any.whl (33 kB)
[2023-07-07T19:03:59.617+0000] {process_utils.py:189} INFO - Collecting zipp>=0.5 (from importlib-metadata->attrs>=20.1.0->trio~=0.17->selenium->-r /tmp/venv8pe2gi4d/requirements.txt (line 1))
[2023-07-07T19:03:59.619+0000] {process_utils.py:189} INFO -   Using cached zipp-3.15.0-py3-none-any.whl (6.8 kB)
[2023-07-07T19:03:59.821+0000] {process_utils.py:189} INFO - Installing collected packages: sortedcontainers, pytz, zipp, urllib3, typing-extensions, sniffio, six, regex, pysocks, idna, exceptiongroup, certifi, backports.zoneinfo, tzlocal, python-dateutil, importlib-metadata, h11, wsproto, dateparser, attrs, outcome, trio, trio-websocket, selenium
[2023-07-07T19:04:01.175+0000] {process_utils.py:189} INFO - Successfully installed attrs-23.1.0 backports.zoneinfo-0.2.1 certifi-2023.5.7 dateparser-1.1.8 exceptiongroup-1.1.2 h11-0.14.0 idna-3.4 importlib-metadata-6.7.0 outcome-1.2.0 pysocks-1.7.1 python-dateutil-2.8.2 pytz-2023.3 regex-2023.6.3 selenium-4.10.0 six-1.16.0 sniffio-1.3.0 sortedcontainers-2.4.0 trio-0.22.1 trio-websocket-0.10.3 typing-extensions-4.7.1 tzlocal-5.0.1 urllib3-2.0.3 wsproto-1.2.0 zipp-3.15.0
[2023-07-07T19:04:01.427+0000] {process_utils.py:181} INFO - Executing cmd: /tmp/venv8pe2gi4d/bin/python /tmp/venv8pe2gi4d/script.py /tmp/venv8pe2gi4d/script.in /tmp/venv8pe2gi4d/script.out /tmp/venv8pe2gi4d/string_args.txt
[2023-07-07T19:04:01.434+0000] {process_utils.py:185} INFO - Output:
[2023-07-07T19:04:02.813+0000] {process_utils.py:189} INFO - The version of chrome cannot be detected. Trying with latest driver version
[2023-07-07T19:04:03.324+0000] {process_utils.py:189} INFO - Traceback (most recent call last):
[2023-07-07T19:04:03.325+0000] {process_utils.py:189} INFO -   File "/tmp/venv8pe2gi4d/script.py", line 148, in <module>
[2023-07-07T19:04:03.325+0000] {process_utils.py:189} INFO -     res = scrapData(*arg_dict["args"], **arg_dict["kwargs"])
[2023-07-07T19:04:03.325+0000] {process_utils.py:189} INFO -   File "/tmp/venv8pe2gi4d/script.py", line 94, in scrapData
[2023-07-07T19:04:03.325+0000] {process_utils.py:189} INFO -     browser = webdriver.Chrome(options=options)
[2023-07-07T19:04:03.326+0000] {process_utils.py:189} INFO -   File "/tmp/venv8pe2gi4d/lib/python3.7/site-packages/selenium/webdriver/chrome/webdriver.py", line 54, in __init__
[2023-07-07T19:04:03.326+0000] {process_utils.py:189} INFO -     self.keep_alive,
[2023-07-07T19:04:03.326+0000] {process_utils.py:189} INFO -   File "/tmp/venv8pe2gi4d/lib/python3.7/site-packages/selenium/webdriver/chromium/webdriver.py", line 51, in __init__
[2023-07-07T19:04:03.326+0000] {process_utils.py:189} INFO -     self.service.start()
[2023-07-07T19:04:03.327+0000] {process_utils.py:189} INFO -   File "/tmp/venv8pe2gi4d/lib/python3.7/site-packages/selenium/webdriver/common/service.py", line 97, in start
[2023-07-07T19:04:03.327+0000] {process_utils.py:189} INFO -     self.assert_process_still_running()
[2023-07-07T19:04:03.327+0000] {process_utils.py:189} INFO -   File "/tmp/venv8pe2gi4d/lib/python3.7/site-packages/selenium/webdriver/common/service.py", line 110, in assert_process_still_running
[2023-07-07T19:04:03.328+0000] {process_utils.py:189} INFO -     raise WebDriverException(f"Service {self._path} unexpectedly exited. Status code was: {return_code}")
[2023-07-07T19:04:03.328+0000] {process_utils.py:189} INFO - selenium.common.exceptions.WebDriverException: Message: Service /home/***/.cache/selenium/chromedriver/linux64/114.0.5735.90/chromedriver unexpectedly exited. Status code was: 127
[2023-07-07T19:04:03.328+0000] {process_utils.py:189} INFO - 
[2023-07-07T19:04:03.438+0000] {taskinstance.py:1824} ERROR - Task failed with exception
Traceback (most recent call last):
  File "/home/airflow/.local/lib/python3.7/site-packages/airflow/decorators/base.py", line 220, in execute
    return_value = super().execute(context)
  File "/home/airflow/.local/lib/python3.7/site-packages/airflow/operators/python.py", line 374, in execute
    return super().execute(context=serializable_context)
  File "/home/airflow/.local/lib/python3.7/site-packages/airflow/operators/python.py", line 181, in execute
    return_value = self.execute_callable()
  File "/home/airflow/.local/lib/python3.7/site-packages/airflow/operators/python.py", line 578, in execute_callable
    result = self._execute_python_callable_in_subprocess(python_path, tmp_path)
  File "/home/airflow/.local/lib/python3.7/site-packages/airflow/operators/python.py", line 434, in _execute_python_callable_in_subprocess
    os.fspath(string_args_path),
  File "/home/airflow/.local/lib/python3.7/site-packages/airflow/utils/process_utils.py", line 170, in execute_in_subprocess
    execute_in_subprocess_with_kwargs(cmd, cwd=cwd)
  File "/home/airflow/.local/lib/python3.7/site-packages/airflow/utils/process_utils.py", line 193, in execute_in_subprocess_with_kwargs
    raise subprocess.CalledProcessError(exit_code, cmd)
subprocess.CalledProcessError: Command '['/tmp/venv8pe2gi4d/bin/python', '/tmp/venv8pe2gi4d/script.py', '/tmp/venv8pe2gi4d/script.in', '/tmp/venv8pe2gi4d/script.out', '/tmp/venv8pe2gi4d/string_args.txt']' returned non-zero exit status 1.
[2023-07-07T19:04:03.445+0000] {taskinstance.py:1350} INFO - Marking task as FAILED. dag_id=dag_scrap_biobio_v7, task_id=scrap_data, execution_date=20230707T190353, start_date=20230707T190354, end_date=20230707T190403
[2023-07-07T19:04:03.458+0000] {standard_task_runner.py:109} ERROR - Failed to execute job 93 for task scrap_data (Command '['/tmp/venv8pe2gi4d/bin/python', '/tmp/venv8pe2gi4d/script.py', '/tmp/venv8pe2gi4d/script.in', '/tmp/venv8pe2gi4d/script.out', '/tmp/venv8pe2gi4d/string_args.txt']' returned non-zero exit status 1.; 2250)
[2023-07-07T19:04:03.490+0000] {local_task_job_runner.py:225} INFO - Task exited with return code 1
[2023-07-07T19:04:03.501+0000] {taskinstance.py:2653} INFO - 0 downstream tasks scheduled from follow-on schedule check
