[2023-07-05T16:21:06.969+0000] {taskinstance.py:1103} INFO - Dependencies all met for dep_context=non-requeueable deps ti=<TaskInstance: initiallize_python_scrap_data_dag.get_data manual__2023-07-05T16:21:06.359794+00:00 [queued]>
[2023-07-05T16:21:06.976+0000] {taskinstance.py:1103} INFO - Dependencies all met for dep_context=requeueable deps ti=<TaskInstance: initiallize_python_scrap_data_dag.get_data manual__2023-07-05T16:21:06.359794+00:00 [queued]>
[2023-07-05T16:21:06.976+0000] {taskinstance.py:1308} INFO - Starting attempt 1 of 1
[2023-07-05T16:21:06.988+0000] {taskinstance.py:1327} INFO - Executing <Task(_PythonVirtualenvDecoratedOperator): get_data> on 2023-07-05 16:21:06.359794+00:00
[2023-07-05T16:21:06.996+0000] {standard_task_runner.py:57} INFO - Started process 1930 to run task
[2023-07-05T16:21:06.998+0000] {standard_task_runner.py:84} INFO - Running: ['***', 'tasks', 'run', 'initiallize_python_scrap_data_dag', 'get_data', 'manual__2023-07-05T16:21:06.359794+00:00', '--job-id', '35', '--raw', '--subdir', 'DAGS_FOLDER/scrap_data.py', '--cfg-path', '/tmp/tmpgstb0bvl']
[2023-07-05T16:21:06.999+0000] {standard_task_runner.py:85} INFO - Job 35: Subtask get_data
[2023-07-05T16:21:07.041+0000] {task_command.py:410} INFO - Running <TaskInstance: initiallize_python_scrap_data_dag.get_data manual__2023-07-05T16:21:06.359794+00:00 [running]> on host d409bdcb9602
[2023-07-05T16:21:07.111+0000] {taskinstance.py:1547} INFO - Exporting env vars: AIRFLOW_CTX_DAG_OWNER='***' AIRFLOW_CTX_DAG_ID='initiallize_python_scrap_data_dag' AIRFLOW_CTX_TASK_ID='get_data' AIRFLOW_CTX_EXECUTION_DATE='2023-07-05T16:21:06.359794+00:00' AIRFLOW_CTX_TRY_NUMBER='1' AIRFLOW_CTX_DAG_RUN_ID='manual__2023-07-05T16:21:06.359794+00:00'
[2023-07-05T16:21:07.112+0000] {process_utils.py:181} INFO - Executing cmd: /usr/local/bin/python -m virtualenv /tmp/venv9hs4la3d
[2023-07-05T16:21:07.126+0000] {process_utils.py:185} INFO - Output:
[2023-07-05T16:21:07.863+0000] {process_utils.py:189} INFO - created virtual environment CPython3.7.17.final.0-64 in 162ms
[2023-07-05T16:21:07.863+0000] {process_utils.py:189} INFO -   creator CPython3Posix(dest=/tmp/venv9hs4la3d, clear=False, no_vcs_ignore=False, global=False)
[2023-07-05T16:21:07.863+0000] {process_utils.py:189} INFO -   seeder FromAppData(download=False, pip=bundle, setuptools=bundle, wheel=bundle, via=copy, app_data_dir=/home/***/.local/share/virtualenv)
[2023-07-05T16:21:07.863+0000] {process_utils.py:189} INFO -     added seed packages: pip==23.1.2, setuptools==67.8.0, wheel==0.40.0
[2023-07-05T16:21:07.864+0000] {process_utils.py:189} INFO -   activators BashActivator,CShellActivator,FishActivator,NushellActivator,PowerShellActivator,PythonActivator
[2023-07-05T16:21:07.898+0000] {process_utils.py:181} INFO - Executing cmd: /tmp/venv9hs4la3d/bin/pip install -r /tmp/venv9hs4la3d/requirements.txt
[2023-07-05T16:21:07.906+0000] {process_utils.py:185} INFO - Output:
[2023-07-05T16:21:09.019+0000] {process_utils.py:189} INFO - Collecting requests (from -r /tmp/venv9hs4la3d/requirements.txt (line 1))
[2023-07-05T16:21:09.021+0000] {process_utils.py:189} INFO -   Using cached requests-2.31.0-py3-none-any.whl (62 kB)
[2023-07-05T16:21:09.064+0000] {process_utils.py:189} INFO - Collecting beautifulsoup4 (from -r /tmp/venv9hs4la3d/requirements.txt (line 2))
[2023-07-05T16:21:09.065+0000] {process_utils.py:189} INFO -   Using cached beautifulsoup4-4.12.2-py3-none-any.whl (142 kB)
[2023-07-05T16:21:09.334+0000] {process_utils.py:189} INFO - Collecting lxml (from -r /tmp/venv9hs4la3d/requirements.txt (line 3))
[2023-07-05T16:21:09.352+0000] {process_utils.py:189} INFO -   Using cached lxml-4.9.3-cp37-cp37m-manylinux_2_28_x86_64.whl (7.4 MB)
[2023-07-05T16:21:09.437+0000] {process_utils.py:189} INFO - Collecting selenium (from -r /tmp/venv9hs4la3d/requirements.txt (line 4))
[2023-07-05T16:21:09.451+0000] {process_utils.py:189} INFO -   Using cached selenium-4.10.0-py3-none-any.whl (6.7 MB)
[2023-07-05T16:21:09.699+0000] {process_utils.py:189} INFO - Collecting pandas (from -r /tmp/venv9hs4la3d/requirements.txt (line 5))
[2023-07-05T16:21:09.726+0000] {process_utils.py:189} INFO -   Using cached pandas-1.3.5-cp37-cp37m-manylinux_2_17_x86_64.manylinux2014_x86_64.whl (11.3 MB)
[2023-07-05T16:21:09.877+0000] {process_utils.py:189} INFO - Collecting charset-normalizer<4,>=2 (from requests->-r /tmp/venv9hs4la3d/requirements.txt (line 1))
[2023-07-05T16:21:09.879+0000] {process_utils.py:189} INFO -   Using cached charset_normalizer-3.1.0-cp37-cp37m-manylinux_2_17_x86_64.manylinux2014_x86_64.whl (171 kB)
[2023-07-05T16:21:09.918+0000] {process_utils.py:189} INFO - Collecting idna<4,>=2.5 (from requests->-r /tmp/venv9hs4la3d/requirements.txt (line 1))
[2023-07-05T16:21:09.919+0000] {process_utils.py:189} INFO -   Using cached idna-3.4-py3-none-any.whl (61 kB)
[2023-07-05T16:21:09.993+0000] {process_utils.py:189} INFO - Collecting urllib3<3,>=1.21.1 (from requests->-r /tmp/venv9hs4la3d/requirements.txt (line 1))
[2023-07-05T16:21:09.994+0000] {process_utils.py:189} INFO -   Using cached urllib3-2.0.3-py3-none-any.whl (123 kB)
[2023-07-05T16:21:10.061+0000] {process_utils.py:189} INFO - Collecting certifi>=2017.4.17 (from requests->-r /tmp/venv9hs4la3d/requirements.txt (line 1))
[2023-07-05T16:21:10.063+0000] {process_utils.py:189} INFO -   Using cached certifi-2023.5.7-py3-none-any.whl (156 kB)
[2023-07-05T16:21:10.112+0000] {process_utils.py:189} INFO - Collecting soupsieve>1.2 (from beautifulsoup4->-r /tmp/venv9hs4la3d/requirements.txt (line 2))
[2023-07-05T16:21:10.113+0000] {process_utils.py:189} INFO -   Using cached soupsieve-2.4.1-py3-none-any.whl (36 kB)
[2023-07-05T16:21:10.172+0000] {process_utils.py:189} INFO - Collecting trio~=0.17 (from selenium->-r /tmp/venv9hs4la3d/requirements.txt (line 4))
[2023-07-05T16:21:10.174+0000] {process_utils.py:189} INFO -   Using cached trio-0.22.1-py3-none-any.whl (399 kB)
[2023-07-05T16:21:10.210+0000] {process_utils.py:189} INFO - Collecting trio-websocket~=0.9 (from selenium->-r /tmp/venv9hs4la3d/requirements.txt (line 4))
[2023-07-05T16:21:10.212+0000] {process_utils.py:189} INFO -   Using cached trio_websocket-0.10.3-py3-none-any.whl (17 kB)
[2023-07-05T16:21:10.270+0000] {process_utils.py:189} INFO - Collecting python-dateutil>=2.7.3 (from pandas->-r /tmp/venv9hs4la3d/requirements.txt (line 5))
[2023-07-05T16:21:10.271+0000] {process_utils.py:189} INFO -   Using cached python_dateutil-2.8.2-py2.py3-none-any.whl (247 kB)
[2023-07-05T16:21:10.369+0000] {process_utils.py:189} INFO - Collecting pytz>=2017.3 (from pandas->-r /tmp/venv9hs4la3d/requirements.txt (line 5))
[2023-07-05T16:21:10.371+0000] {process_utils.py:189} INFO -   Using cached pytz-2023.3-py2.py3-none-any.whl (502 kB)
[2023-07-05T16:21:10.768+0000] {process_utils.py:189} INFO - Collecting numpy>=1.17.3 (from pandas->-r /tmp/venv9hs4la3d/requirements.txt (line 5))
[2023-07-05T16:21:10.802+0000] {process_utils.py:189} INFO -   Using cached numpy-1.21.6-cp37-cp37m-manylinux_2_12_x86_64.manylinux2010_x86_64.whl (15.7 MB)
[2023-07-05T16:21:10.909+0000] {process_utils.py:189} INFO - Collecting six>=1.5 (from python-dateutil>=2.7.3->pandas->-r /tmp/venv9hs4la3d/requirements.txt (line 5))
[2023-07-05T16:21:10.911+0000] {process_utils.py:189} INFO -   Using cached six-1.16.0-py2.py3-none-any.whl (11 kB)
[2023-07-05T16:21:10.969+0000] {process_utils.py:189} INFO - Collecting attrs>=20.1.0 (from trio~=0.17->selenium->-r /tmp/venv9hs4la3d/requirements.txt (line 4))
[2023-07-05T16:21:10.971+0000] {process_utils.py:189} INFO -   Using cached attrs-23.1.0-py3-none-any.whl (61 kB)
[2023-07-05T16:21:11.037+0000] {process_utils.py:189} INFO - Collecting sortedcontainers (from trio~=0.17->selenium->-r /tmp/venv9hs4la3d/requirements.txt (line 4))
[2023-07-05T16:21:11.039+0000] {process_utils.py:189} INFO -   Using cached sortedcontainers-2.4.0-py2.py3-none-any.whl (29 kB)
[2023-07-05T16:21:11.075+0000] {process_utils.py:189} INFO - Collecting outcome (from trio~=0.17->selenium->-r /tmp/venv9hs4la3d/requirements.txt (line 4))
[2023-07-05T16:21:11.076+0000] {process_utils.py:189} INFO -   Using cached outcome-1.2.0-py2.py3-none-any.whl (9.7 kB)
[2023-07-05T16:21:11.110+0000] {process_utils.py:189} INFO - Collecting sniffio (from trio~=0.17->selenium->-r /tmp/venv9hs4la3d/requirements.txt (line 4))
[2023-07-05T16:21:11.111+0000] {process_utils.py:189} INFO -   Using cached sniffio-1.3.0-py3-none-any.whl (10 kB)
[2023-07-05T16:21:11.150+0000] {process_utils.py:189} INFO - Collecting exceptiongroup>=1.0.0rc9 (from trio~=0.17->selenium->-r /tmp/venv9hs4la3d/requirements.txt (line 4))
[2023-07-05T16:21:11.151+0000] {process_utils.py:189} INFO -   Using cached exceptiongroup-1.1.2-py3-none-any.whl (14 kB)
[2023-07-05T16:21:11.193+0000] {process_utils.py:189} INFO - Collecting wsproto>=0.14 (from trio-websocket~=0.9->selenium->-r /tmp/venv9hs4la3d/requirements.txt (line 4))
[2023-07-05T16:21:11.195+0000] {process_utils.py:189} INFO -   Using cached wsproto-1.2.0-py3-none-any.whl (24 kB)
[2023-07-05T16:21:11.249+0000] {process_utils.py:189} INFO - Collecting pysocks!=1.5.7,<2.0,>=1.5.6 (from urllib3<3,>=1.21.1->requests->-r /tmp/venv9hs4la3d/requirements.txt (line 1))
[2023-07-05T16:21:11.250+0000] {process_utils.py:189} INFO -   Using cached PySocks-1.7.1-py3-none-any.whl (16 kB)
[2023-07-05T16:21:11.358+0000] {process_utils.py:189} INFO - Collecting importlib-metadata (from attrs>=20.1.0->trio~=0.17->selenium->-r /tmp/venv9hs4la3d/requirements.txt (line 4))
[2023-07-05T16:21:11.360+0000] {process_utils.py:189} INFO -   Using cached importlib_metadata-6.7.0-py3-none-any.whl (22 kB)
[2023-07-05T16:21:11.420+0000] {process_utils.py:189} INFO - Collecting h11<1,>=0.9.0 (from wsproto>=0.14->trio-websocket~=0.9->selenium->-r /tmp/venv9hs4la3d/requirements.txt (line 4))
[2023-07-05T16:21:11.421+0000] {process_utils.py:189} INFO -   Using cached h11-0.14.0-py3-none-any.whl (58 kB)
[2023-07-05T16:21:11.490+0000] {process_utils.py:189} INFO - Collecting typing-extensions (from h11<1,>=0.9.0->wsproto>=0.14->trio-websocket~=0.9->selenium->-r /tmp/venv9hs4la3d/requirements.txt (line 4))
[2023-07-05T16:21:11.492+0000] {process_utils.py:189} INFO -   Using cached typing_extensions-4.7.1-py3-none-any.whl (33 kB)
[2023-07-05T16:21:11.569+0000] {process_utils.py:189} INFO - Collecting zipp>=0.5 (from importlib-metadata->attrs>=20.1.0->trio~=0.17->selenium->-r /tmp/venv9hs4la3d/requirements.txt (line 4))
[2023-07-05T16:21:11.571+0000] {process_utils.py:189} INFO -   Using cached zipp-3.15.0-py3-none-any.whl (6.8 kB)
[2023-07-05T16:21:11.816+0000] {process_utils.py:189} INFO - Installing collected packages: sortedcontainers, pytz, zipp, urllib3, typing-extensions, soupsieve, sniffio, six, pysocks, numpy, lxml, idna, exceptiongroup, charset-normalizer, certifi, requests, python-dateutil, importlib-metadata, h11, beautifulsoup4, wsproto, pandas, attrs, outcome, trio, trio-websocket, selenium
[2023-07-05T16:21:19.136+0000] {process_utils.py:189} INFO - Successfully installed attrs-23.1.0 beautifulsoup4-4.12.2 certifi-2023.5.7 charset-normalizer-3.1.0 exceptiongroup-1.1.2 h11-0.14.0 idna-3.4 importlib-metadata-6.7.0 lxml-4.9.3 numpy-1.21.6 outcome-1.2.0 pandas-1.3.5 pysocks-1.7.1 python-dateutil-2.8.2 pytz-2023.3 requests-2.31.0 selenium-4.10.0 six-1.16.0 sniffio-1.3.0 sortedcontainers-2.4.0 soupsieve-2.4.1 trio-0.22.1 trio-websocket-0.10.3 typing-extensions-4.7.1 urllib3-2.0.3 wsproto-1.2.0 zipp-3.15.0
[2023-07-05T16:21:19.442+0000] {process_utils.py:181} INFO - Executing cmd: /tmp/venv9hs4la3d/bin/python /tmp/venv9hs4la3d/script.py /tmp/venv9hs4la3d/script.in /tmp/venv9hs4la3d/script.out /tmp/venv9hs4la3d/string_args.txt
[2023-07-05T16:21:19.452+0000] {process_utils.py:185} INFO - Output:
[2023-07-05T16:21:19.516+0000] {process_utils.py:189} INFO - Traceback (most recent call last):
[2023-07-05T16:21:19.516+0000] {process_utils.py:189} INFO -   File "/tmp/venv9hs4la3d/script.py", line 49, in <module>
[2023-07-05T16:21:19.516+0000] {process_utils.py:189} INFO -     res = get_data(*arg_dict["args"], **arg_dict["kwargs"])
[2023-07-05T16:21:19.517+0000] {process_utils.py:189} INFO -   File "/tmp/venv9hs4la3d/script.py", line 26, in get_data
[2023-07-05T16:21:19.517+0000] {process_utils.py:189} INFO -     import sklearn
[2023-07-05T16:21:19.517+0000] {process_utils.py:189} INFO - ModuleNotFoundError: No module named 'sklearn'
[2023-07-05T16:21:19.703+0000] {taskinstance.py:1824} ERROR - Task failed with exception
Traceback (most recent call last):
  File "/home/airflow/.local/lib/python3.7/site-packages/airflow/decorators/base.py", line 220, in execute
    return_value = super().execute(context)
  File "/home/airflow/.local/lib/python3.7/site-packages/airflow/operators/python.py", line 374, in execute
    return super().execute(context=serializable_context)
  File "/home/airflow/.local/lib/python3.7/site-packages/airflow/operators/python.py", line 181, in execute
    return_value = self.execute_callable()
  File "/home/airflow/.local/lib/python3.7/site-packages/airflow/operators/python.py", line 578, in execute_callable
    result = self._execute_python_callable_in_subprocess(python_path, tmp_path)
  File "/home/airflow/.local/lib/python3.7/site-packages/airflow/operators/python.py", line 434, in _execute_python_callable_in_subprocess
    os.fspath(string_args_path),
  File "/home/airflow/.local/lib/python3.7/site-packages/airflow/utils/process_utils.py", line 170, in execute_in_subprocess
    execute_in_subprocess_with_kwargs(cmd, cwd=cwd)
  File "/home/airflow/.local/lib/python3.7/site-packages/airflow/utils/process_utils.py", line 193, in execute_in_subprocess_with_kwargs
    raise subprocess.CalledProcessError(exit_code, cmd)
subprocess.CalledProcessError: Command '['/tmp/venv9hs4la3d/bin/python', '/tmp/venv9hs4la3d/script.py', '/tmp/venv9hs4la3d/script.in', '/tmp/venv9hs4la3d/script.out', '/tmp/venv9hs4la3d/string_args.txt']' returned non-zero exit status 1.
[2023-07-05T16:21:19.710+0000] {taskinstance.py:1350} INFO - Marking task as FAILED. dag_id=initiallize_python_scrap_data_dag, task_id=get_data, execution_date=20230705T162106, start_date=20230705T162106, end_date=20230705T162119
[2023-07-05T16:21:19.718+0000] {standard_task_runner.py:109} ERROR - Failed to execute job 35 for task get_data (Command '['/tmp/venv9hs4la3d/bin/python', '/tmp/venv9hs4la3d/script.py', '/tmp/venv9hs4la3d/script.in', '/tmp/venv9hs4la3d/script.out', '/tmp/venv9hs4la3d/string_args.txt']' returned non-zero exit status 1.; 1930)
[2023-07-05T16:21:19.763+0000] {local_task_job_runner.py:225} INFO - Task exited with return code 1
[2023-07-05T16:21:19.775+0000] {taskinstance.py:2653} INFO - 0 downstream tasks scheduled from follow-on schedule check
