[2023-07-10T03:06:41.329+0000] {taskinstance.py:1103} INFO - Dependencies all met for dep_context=non-requeueable deps ti=<TaskInstance: dag_scrap_biobio_v12.scrap_data manual__2023-07-10T03:06:39.753939+00:00 [queued]>
[2023-07-10T03:06:41.336+0000] {taskinstance.py:1103} INFO - Dependencies all met for dep_context=requeueable deps ti=<TaskInstance: dag_scrap_biobio_v12.scrap_data manual__2023-07-10T03:06:39.753939+00:00 [queued]>
[2023-07-10T03:06:41.336+0000] {taskinstance.py:1308} INFO - Starting attempt 1 of 1
[2023-07-10T03:06:41.346+0000] {taskinstance.py:1327} INFO - Executing <Task(_PythonVirtualenvDecoratedOperator): scrap_data> on 2023-07-10 03:06:39.753939+00:00
[2023-07-10T03:06:41.350+0000] {standard_task_runner.py:57} INFO - Started process 12976 to run task
[2023-07-10T03:06:41.352+0000] {standard_task_runner.py:84} INFO - Running: ['***', 'tasks', 'run', 'dag_scrap_biobio_v12', 'scrap_data', 'manual__2023-07-10T03:06:39.753939+00:00', '--job-id', '149', '--raw', '--subdir', 'DAGS_FOLDER/dag_scrap_biobio.py', '--cfg-path', '/tmp/tmp9txpx18j']
[2023-07-10T03:06:41.352+0000] {standard_task_runner.py:85} INFO - Job 149: Subtask scrap_data
[2023-07-10T03:06:41.386+0000] {task_command.py:410} INFO - Running <TaskInstance: dag_scrap_biobio_v12.scrap_data manual__2023-07-10T03:06:39.753939+00:00 [running]> on host 3371e7602d27
[2023-07-10T03:06:41.458+0000] {taskinstance.py:1547} INFO - Exporting env vars: AIRFLOW_CTX_DAG_OWNER='***' AIRFLOW_CTX_DAG_ID='dag_scrap_biobio_v12' AIRFLOW_CTX_TASK_ID='scrap_data' AIRFLOW_CTX_EXECUTION_DATE='2023-07-10T03:06:39.753939+00:00' AIRFLOW_CTX_TRY_NUMBER='1' AIRFLOW_CTX_DAG_RUN_ID='manual__2023-07-10T03:06:39.753939+00:00'
[2023-07-10T03:06:41.464+0000] {process_utils.py:181} INFO - Executing cmd: /usr/local/bin/python -m virtualenv /tmp/venvgo15k2z4
[2023-07-10T03:06:41.471+0000] {process_utils.py:185} INFO - Output:
[2023-07-10T03:06:42.501+0000] {process_utils.py:189} INFO - created virtual environment CPython3.7.17.final.0-64 in 382ms
[2023-07-10T03:06:42.501+0000] {process_utils.py:189} INFO -   creator CPython3Posix(dest=/tmp/venvgo15k2z4, clear=False, no_vcs_ignore=False, global=False)
[2023-07-10T03:06:42.501+0000] {process_utils.py:189} INFO -   seeder FromAppData(download=False, pip=bundle, setuptools=bundle, wheel=bundle, via=copy, app_data_dir=/home/***/.local/share/virtualenv)
[2023-07-10T03:06:42.501+0000] {process_utils.py:189} INFO -     added seed packages: pip==23.1.2, setuptools==67.8.0, wheel==0.40.0
[2023-07-10T03:06:42.501+0000] {process_utils.py:189} INFO -   activators BashActivator,CShellActivator,FishActivator,NushellActivator,PowerShellActivator,PythonActivator
[2023-07-10T03:06:42.553+0000] {process_utils.py:181} INFO - Executing cmd: /tmp/venvgo15k2z4/bin/pip install -r /tmp/venvgo15k2z4/requirements.txt
[2023-07-10T03:06:42.560+0000] {process_utils.py:185} INFO - Output:
[2023-07-10T03:06:43.474+0000] {process_utils.py:189} INFO - WARNING: The directory '/home/***/.cache/pip' or its parent directory is not owned or is not writable by the current user. The cache has been disabled. Check the permissions and owner of that directory. If executing pip with sudo, you should use sudo's -H flag.
[2023-07-10T03:06:43.953+0000] {process_utils.py:189} INFO - Collecting selenium (from -r /tmp/venvgo15k2z4/requirements.txt (line 1))
[2023-07-10T03:06:44.105+0000] {process_utils.py:189} INFO -   Downloading selenium-4.10.0-py3-none-any.whl (6.7 MB)
[2023-07-10T03:06:44.311+0000] {process_utils.py:189} INFO -      ━━━━━━━━━━━━━━━━━━━━━━━━━━━━━━━━━━━━━━━━ 6.7/6.7 MB 33.0 MB/s eta 0:00:00
[2023-07-10T03:06:44.377+0000] {process_utils.py:189} INFO - Collecting dateparser (from -r /tmp/venvgo15k2z4/requirements.txt (line 2))
[2023-07-10T03:06:44.403+0000] {process_utils.py:189} INFO -   Downloading dateparser-1.1.8-py2.py3-none-any.whl (293 kB)
[2023-07-10T03:06:44.411+0000] {process_utils.py:189} INFO -      ━━━━━━━━━━━━━━━━━━━━━━━━━━━━━━━━━━━━━━ 293.8/293.8 kB 46.7 MB/s eta 0:00:00
[2023-07-10T03:06:44.585+0000] {process_utils.py:189} INFO - Collecting pyspark (from -r /tmp/venvgo15k2z4/requirements.txt (line 3))
[2023-07-10T03:06:44.619+0000] {process_utils.py:189} INFO -   Downloading pyspark-3.4.1.tar.gz (310.8 MB)
[2023-07-10T03:06:50.310+0000] {process_utils.py:189} INFO -      ━━━━━━━━━━━━━━━━━━━━━━━━━━━━━━━━━━━━━━ 310.8/310.8 MB 57.5 MB/s eta 0:00:00
[2023-07-10T03:06:54.987+0000] {process_utils.py:189} INFO -   Preparing metadata (setup.py): started
[2023-07-10T03:06:57.679+0000] {process_utils.py:189} INFO -   Preparing metadata (setup.py): finished with status 'done'
[2023-07-10T03:06:57.782+0000] {process_utils.py:189} INFO - Collecting urllib3[socks]<3,>=1.26 (from selenium->-r /tmp/venvgo15k2z4/requirements.txt (line 1))
[2023-07-10T03:06:57.810+0000] {process_utils.py:189} INFO -   Downloading urllib3-2.0.3-py3-none-any.whl (123 kB)
[2023-07-10T03:06:57.830+0000] {process_utils.py:189} INFO -      ━━━━━━━━━━━━━━━━━━━━━━━━━━━━━━━━━━━━━ 123.6/123.6 kB 264.3 MB/s eta 0:00:00
[2023-07-10T03:06:58.001+0000] {process_utils.py:189} INFO - Collecting trio~=0.17 (from selenium->-r /tmp/venvgo15k2z4/requirements.txt (line 1))
[2023-07-10T03:06:58.028+0000] {process_utils.py:189} INFO -   Downloading trio-0.22.1-py3-none-any.whl (399 kB)
[2023-07-10T03:06:58.042+0000] {process_utils.py:189} INFO -      ━━━━━━━━━━━━━━━━━━━━━━━━━━━━━━━━━━━━━━ 399.3/399.3 kB 38.1 MB/s eta 0:00:00
[2023-07-10T03:06:58.214+0000] {process_utils.py:189} INFO - Collecting trio-websocket~=0.9 (from selenium->-r /tmp/venvgo15k2z4/requirements.txt (line 1))
[2023-07-10T03:06:58.248+0000] {process_utils.py:189} INFO -   Downloading trio_websocket-0.10.3-py3-none-any.whl (17 kB)
[2023-07-10T03:06:58.305+0000] {process_utils.py:189} INFO - Collecting certifi>=2021.10.8 (from selenium->-r /tmp/venvgo15k2z4/requirements.txt (line 1))
[2023-07-10T03:06:58.332+0000] {process_utils.py:189} INFO -   Downloading certifi-2023.5.7-py3-none-any.whl (156 kB)
[2023-07-10T03:06:58.341+0000] {process_utils.py:189} INFO -      ━━━━━━━━━━━━━━━━━━━━━━━━━━━━━━━━━━━━━━ 157.0/157.0 kB 27.3 MB/s eta 0:00:00
[2023-07-10T03:06:58.399+0000] {process_utils.py:189} INFO - Collecting python-dateutil (from dateparser->-r /tmp/venvgo15k2z4/requirements.txt (line 2))
[2023-07-10T03:06:58.429+0000] {process_utils.py:189} INFO -   Downloading python_dateutil-2.8.2-py2.py3-none-any.whl (247 kB)
[2023-07-10T03:06:58.440+0000] {process_utils.py:189} INFO -      ━━━━━━━━━━━━━━━━━━━━━━━━━━━━━━━━━━━━━━ 247.7/247.7 kB 29.3 MB/s eta 0:00:00
[2023-07-10T03:06:58.545+0000] {process_utils.py:189} INFO - Collecting pytz (from dateparser->-r /tmp/venvgo15k2z4/requirements.txt (line 2))
[2023-07-10T03:06:58.565+0000] {process_utils.py:189} INFO -   Downloading pytz-2023.3-py2.py3-none-any.whl (502 kB)
[2023-07-10T03:06:58.584+0000] {process_utils.py:189} INFO -      ━━━━━━━━━━━━━━━━━━━━━━━━━━━━━━━━━━━━━━ 502.3/502.3 kB 35.0 MB/s eta 0:00:00
[2023-07-10T03:06:59.310+0000] {process_utils.py:189} INFO - Collecting regex!=2019.02.19,!=2021.8.27 (from dateparser->-r /tmp/venvgo15k2z4/requirements.txt (line 2))
[2023-07-10T03:06:59.343+0000] {process_utils.py:189} INFO -   Downloading regex-2023.6.3-cp37-cp37m-manylinux_2_17_x86_64.manylinux2014_x86_64.whl (755 kB)
[2023-07-10T03:06:59.363+0000] {process_utils.py:189} INFO -      ━━━━━━━━━━━━━━━━━━━━━━━━━━━━━━━━━━━━━━ 755.7/755.7 kB 46.8 MB/s eta 0:00:00
[2023-07-10T03:06:59.411+0000] {process_utils.py:189} INFO - Collecting tzlocal (from dateparser->-r /tmp/venvgo15k2z4/requirements.txt (line 2))
[2023-07-10T03:06:59.438+0000] {process_utils.py:189} INFO -   Downloading tzlocal-5.0.1-py3-none-any.whl (20 kB)
[2023-07-10T03:06:59.602+0000] {process_utils.py:189} INFO - Collecting py4j==0.10.9.7 (from pyspark->-r /tmp/venvgo15k2z4/requirements.txt (line 3))
[2023-07-10T03:06:59.628+0000] {process_utils.py:189} INFO -   Downloading py4j-0.10.9.7-py2.py3-none-any.whl (200 kB)
[2023-07-10T03:06:59.638+0000] {process_utils.py:189} INFO -      ━━━━━━━━━━━━━━━━━━━━━━━━━━━━━━━━━━━━━━ 200.5/200.5 kB 30.1 MB/s eta 0:00:00
[2023-07-10T03:06:59.703+0000] {process_utils.py:189} INFO - Collecting attrs>=20.1.0 (from trio~=0.17->selenium->-r /tmp/venvgo15k2z4/requirements.txt (line 1))
[2023-07-10T03:06:59.730+0000] {process_utils.py:189} INFO -   Downloading attrs-23.1.0-py3-none-any.whl (61 kB)
[2023-07-10T03:06:59.735+0000] {process_utils.py:189} INFO -      ━━━━━━━━━━━━━━━━━━━━━━━━━━━━━━━━━━━━━━━━ 61.2/61.2 kB 29.5 MB/s eta 0:00:00
[2023-07-10T03:06:59.924+0000] {process_utils.py:189} INFO - Collecting sortedcontainers (from trio~=0.17->selenium->-r /tmp/venvgo15k2z4/requirements.txt (line 1))
[2023-07-10T03:06:59.956+0000] {process_utils.py:189} INFO -   Downloading sortedcontainers-2.4.0-py2.py3-none-any.whl (29 kB)
[2023-07-10T03:07:00.001+0000] {process_utils.py:189} INFO - Collecting idna (from trio~=0.17->selenium->-r /tmp/venvgo15k2z4/requirements.txt (line 1))
[2023-07-10T03:07:00.024+0000] {process_utils.py:189} INFO -   Downloading idna-3.4-py3-none-any.whl (61 kB)
[2023-07-10T03:07:00.029+0000] {process_utils.py:189} INFO -      ━━━━━━━━━━━━━━━━━━━━━━━━━━━━━━━━━━━━━━━━ 61.5/61.5 kB 22.8 MB/s eta 0:00:00
[2023-07-10T03:07:00.201+0000] {process_utils.py:189} INFO - Collecting outcome (from trio~=0.17->selenium->-r /tmp/venvgo15k2z4/requirements.txt (line 1))
[2023-07-10T03:07:00.227+0000] {process_utils.py:189} INFO -   Downloading outcome-1.2.0-py2.py3-none-any.whl (9.7 kB)
[2023-07-10T03:07:00.265+0000] {process_utils.py:189} INFO - Collecting sniffio (from trio~=0.17->selenium->-r /tmp/venvgo15k2z4/requirements.txt (line 1))
[2023-07-10T03:07:00.293+0000] {process_utils.py:189} INFO -   Downloading sniffio-1.3.0-py3-none-any.whl (10 kB)
[2023-07-10T03:07:00.359+0000] {process_utils.py:189} INFO - Collecting exceptiongroup>=1.0.0rc9 (from trio~=0.17->selenium->-r /tmp/venvgo15k2z4/requirements.txt (line 1))
[2023-07-10T03:07:00.389+0000] {process_utils.py:189} INFO -   Downloading exceptiongroup-1.1.2-py3-none-any.whl (14 kB)
[2023-07-10T03:07:00.554+0000] {process_utils.py:189} INFO - Collecting wsproto>=0.14 (from trio-websocket~=0.9->selenium->-r /tmp/venvgo15k2z4/requirements.txt (line 1))
[2023-07-10T03:07:00.580+0000] {process_utils.py:189} INFO -   Downloading wsproto-1.2.0-py3-none-any.whl (24 kB)
[2023-07-10T03:07:00.633+0000] {process_utils.py:189} INFO - Collecting pysocks!=1.5.7,<2.0,>=1.5.6 (from urllib3[socks]<3,>=1.26->selenium->-r /tmp/venvgo15k2z4/requirements.txt (line 1))
[2023-07-10T03:07:00.656+0000] {process_utils.py:189} INFO -   Downloading PySocks-1.7.1-py3-none-any.whl (16 kB)
[2023-07-10T03:07:00.702+0000] {process_utils.py:189} INFO - Collecting six>=1.5 (from python-dateutil->dateparser->-r /tmp/venvgo15k2z4/requirements.txt (line 2))
[2023-07-10T03:07:00.724+0000] {process_utils.py:189} INFO -   Downloading six-1.16.0-py2.py3-none-any.whl (11 kB)
[2023-07-10T03:07:00.783+0000] {process_utils.py:189} INFO - Collecting backports.zoneinfo (from tzlocal->dateparser->-r /tmp/venvgo15k2z4/requirements.txt (line 2))
[2023-07-10T03:07:00.806+0000] {process_utils.py:189} INFO -   Downloading backports.zoneinfo-0.2.1-cp37-cp37m-manylinux1_x86_64.whl (70 kB)
[2023-07-10T03:07:00.810+0000] {process_utils.py:189} INFO -      ━━━━━━━━━━━━━━━━━━━━━━━━━━━━━━━━━━━━━━━━ 70.7/70.7 kB 27.0 MB/s eta 0:00:00
[2023-07-10T03:07:00.926+0000] {process_utils.py:189} INFO - Collecting importlib-metadata (from attrs>=20.1.0->trio~=0.17->selenium->-r /tmp/venvgo15k2z4/requirements.txt (line 1))
[2023-07-10T03:07:00.958+0000] {process_utils.py:189} INFO -   Downloading importlib_metadata-6.7.0-py3-none-any.whl (22 kB)
[2023-07-10T03:07:01.011+0000] {process_utils.py:189} INFO - Collecting h11<1,>=0.9.0 (from wsproto>=0.14->trio-websocket~=0.9->selenium->-r /tmp/venvgo15k2z4/requirements.txt (line 1))
[2023-07-10T03:07:01.042+0000] {process_utils.py:189} INFO -   Downloading h11-0.14.0-py3-none-any.whl (58 kB)
[2023-07-10T03:07:01.046+0000] {process_utils.py:189} INFO -      ━━━━━━━━━━━━━━━━━━━━━━━━━━━━━━━━━━━━━━━━ 58.3/58.3 kB 19.8 MB/s eta 0:00:00
[2023-07-10T03:07:01.122+0000] {process_utils.py:189} INFO - Collecting typing-extensions (from h11<1,>=0.9.0->wsproto>=0.14->trio-websocket~=0.9->selenium->-r /tmp/venvgo15k2z4/requirements.txt (line 1))
[2023-07-10T03:07:01.146+0000] {process_utils.py:189} INFO -   Downloading typing_extensions-4.7.1-py3-none-any.whl (33 kB)
[2023-07-10T03:07:01.219+0000] {process_utils.py:189} INFO - Collecting zipp>=0.5 (from importlib-metadata->attrs>=20.1.0->trio~=0.17->selenium->-r /tmp/venvgo15k2z4/requirements.txt (line 1))
[2023-07-10T03:07:01.245+0000] {process_utils.py:189} INFO -   Downloading zipp-3.15.0-py3-none-any.whl (6.8 kB)
[2023-07-10T03:07:01.281+0000] {process_utils.py:189} INFO - Building wheels for collected packages: pyspark
[2023-07-10T03:07:01.281+0000] {process_utils.py:189} INFO -   Building wheel for pyspark (setup.py): started
[2023-07-10T03:07:13.014+0000] {process_utils.py:189} INFO -   Building wheel for pyspark (setup.py): finished with status 'done'
[2023-07-10T03:07:13.194+0000] {process_utils.py:189} INFO -   Created wheel for pyspark: filename=pyspark-3.4.1-py2.py3-none-any.whl size=311285398 sha256=0ff8a893d86345023a1262455790171a34903d4e8b7edbe6d60a39f9efb2d73c
[2023-07-10T03:07:13.195+0000] {process_utils.py:189} INFO -   Stored in directory: /tmp/pip-ephem-wheel-cache-2f5hyj5k/wheels/b7/8e/8f/ba5d017af5f502964eb1358e1d496a8519de1645936b01810e
[2023-07-10T03:07:13.201+0000] {process_utils.py:189} INFO - Successfully built pyspark
[2023-07-10T03:07:13.477+0000] {process_utils.py:189} INFO - Installing collected packages: sortedcontainers, pytz, py4j, zipp, urllib3, typing-extensions, sniffio, six, regex, pyspark, pysocks, idna, exceptiongroup, certifi, backports.zoneinfo, tzlocal, python-dateutil, importlib-metadata, h11, wsproto, dateparser, attrs, outcome, trio, trio-websocket, selenium
[2023-07-10T03:07:24.434+0000] {process_utils.py:189} INFO - Successfully installed attrs-23.1.0 backports.zoneinfo-0.2.1 certifi-2023.5.7 dateparser-1.1.8 exceptiongroup-1.1.2 h11-0.14.0 idna-3.4 importlib-metadata-6.7.0 outcome-1.2.0 py4j-0.10.9.7 pysocks-1.7.1 pyspark-3.4.1 python-dateutil-2.8.2 pytz-2023.3 regex-2023.6.3 selenium-4.10.0 six-1.16.0 sniffio-1.3.0 sortedcontainers-2.4.0 trio-0.22.1 trio-websocket-0.10.3 typing-extensions-4.7.1 tzlocal-5.0.1 urllib3-2.0.3 wsproto-1.2.0 zipp-3.15.0
[2023-07-10T03:07:24.835+0000] {process_utils.py:181} INFO - Executing cmd: /tmp/venvgo15k2z4/bin/python /tmp/venvgo15k2z4/script.py /tmp/venvgo15k2z4/script.in /tmp/venvgo15k2z4/script.out /tmp/venvgo15k2z4/string_args.txt
[2023-07-10T03:07:24.844+0000] {process_utils.py:185} INFO - Output:
[2023-07-10T03:07:25.532+0000] {process_utils.py:189} INFO - /tmp/venvgo15k2z4/lib/python3.7/site-packages/pyspark/bin/load-spark-env.sh: line 68: ps: command not found
[2023-07-10T03:07:25.533+0000] {process_utils.py:189} INFO - JAVA_HOME is not set
[2023-07-10T03:07:25.618+0000] {process_utils.py:189} INFO - Traceback (most recent call last):
[2023-07-10T03:07:25.619+0000] {process_utils.py:189} INFO -   File "/tmp/venvgo15k2z4/script.py", line 160, in <module>
[2023-07-10T03:07:25.619+0000] {process_utils.py:189} INFO -     res = scrapData(*arg_dict["args"], **arg_dict["kwargs"])
[2023-07-10T03:07:25.619+0000] {process_utils.py:189} INFO -   File "/tmp/venvgo15k2z4/script.py", line 41, in scrapData
[2023-07-10T03:07:25.619+0000] {process_utils.py:189} INFO -     .appName("Save scrapped data to Postgres DB") \
[2023-07-10T03:07:25.619+0000] {process_utils.py:189} INFO -   File "/tmp/venvgo15k2z4/lib/python3.7/site-packages/pyspark/sql/session.py", line 477, in getOrCreate
[2023-07-10T03:07:25.619+0000] {process_utils.py:189} INFO -     sc = SparkContext.getOrCreate(sparkConf)
[2023-07-10T03:07:25.619+0000] {process_utils.py:189} INFO -   File "/tmp/venvgo15k2z4/lib/python3.7/site-packages/pyspark/context.py", line 512, in getOrCreate
[2023-07-10T03:07:25.620+0000] {process_utils.py:189} INFO -     SparkContext(conf=conf or SparkConf())
[2023-07-10T03:07:25.620+0000] {process_utils.py:189} INFO -   File "/tmp/venvgo15k2z4/lib/python3.7/site-packages/pyspark/context.py", line 198, in __init__
[2023-07-10T03:07:25.620+0000] {process_utils.py:189} INFO -     SparkContext._ensure_initialized(self, gateway=gateway, conf=conf)
[2023-07-10T03:07:25.620+0000] {process_utils.py:189} INFO -   File "/tmp/venvgo15k2z4/lib/python3.7/site-packages/pyspark/context.py", line 432, in _ensure_initialized
[2023-07-10T03:07:25.620+0000] {process_utils.py:189} INFO -     SparkContext._gateway = gateway or launch_gateway(conf)
[2023-07-10T03:07:25.620+0000] {process_utils.py:189} INFO -   File "/tmp/venvgo15k2z4/lib/python3.7/site-packages/pyspark/java_gateway.py", line 106, in launch_gateway
[2023-07-10T03:07:25.620+0000] {process_utils.py:189} INFO -     raise RuntimeError("Java gateway process exited before sending its port number")
[2023-07-10T03:07:25.621+0000] {process_utils.py:189} INFO - RuntimeError: Java gateway process exited before sending its port number
[2023-07-10T03:07:25.780+0000] {taskinstance.py:1824} ERROR - Task failed with exception
Traceback (most recent call last):
  File "/home/airflow/.local/lib/python3.7/site-packages/airflow/decorators/base.py", line 220, in execute
    return_value = super().execute(context)
  File "/home/airflow/.local/lib/python3.7/site-packages/airflow/operators/python.py", line 374, in execute
    return super().execute(context=serializable_context)
  File "/home/airflow/.local/lib/python3.7/site-packages/airflow/operators/python.py", line 181, in execute
    return_value = self.execute_callable()
  File "/home/airflow/.local/lib/python3.7/site-packages/airflow/operators/python.py", line 578, in execute_callable
    result = self._execute_python_callable_in_subprocess(python_path, tmp_path)
  File "/home/airflow/.local/lib/python3.7/site-packages/airflow/operators/python.py", line 434, in _execute_python_callable_in_subprocess
    os.fspath(string_args_path),
  File "/home/airflow/.local/lib/python3.7/site-packages/airflow/utils/process_utils.py", line 170, in execute_in_subprocess
    execute_in_subprocess_with_kwargs(cmd, cwd=cwd)
  File "/home/airflow/.local/lib/python3.7/site-packages/airflow/utils/process_utils.py", line 193, in execute_in_subprocess_with_kwargs
    raise subprocess.CalledProcessError(exit_code, cmd)
subprocess.CalledProcessError: Command '['/tmp/venvgo15k2z4/bin/python', '/tmp/venvgo15k2z4/script.py', '/tmp/venvgo15k2z4/script.in', '/tmp/venvgo15k2z4/script.out', '/tmp/venvgo15k2z4/string_args.txt']' returned non-zero exit status 1.
[2023-07-10T03:07:25.789+0000] {taskinstance.py:1350} INFO - Marking task as FAILED. dag_id=dag_scrap_biobio_v12, task_id=scrap_data, execution_date=20230710T030639, start_date=20230710T030641, end_date=20230710T030725
[2023-07-10T03:07:25.800+0000] {standard_task_runner.py:109} ERROR - Failed to execute job 149 for task scrap_data (Command '['/tmp/venvgo15k2z4/bin/python', '/tmp/venvgo15k2z4/script.py', '/tmp/venvgo15k2z4/script.in', '/tmp/venvgo15k2z4/script.out', '/tmp/venvgo15k2z4/string_args.txt']' returned non-zero exit status 1.; 12976)
[2023-07-10T03:07:25.827+0000] {local_task_job_runner.py:225} INFO - Task exited with return code 1
[2023-07-10T03:07:25.839+0000] {taskinstance.py:2653} INFO - 0 downstream tasks scheduled from follow-on schedule check
