[2023-07-05T16:14:32.782+0000] {taskinstance.py:1103} INFO - Dependencies all met for dep_context=non-requeueable deps ti=<TaskInstance: initiallize_python_scrap_data_dag.get_data scheduled__2023-07-05T00:00:00+00:00 [queued]>
[2023-07-05T16:14:32.789+0000] {taskinstance.py:1103} INFO - Dependencies all met for dep_context=requeueable deps ti=<TaskInstance: initiallize_python_scrap_data_dag.get_data scheduled__2023-07-05T00:00:00+00:00 [queued]>
[2023-07-05T16:14:32.789+0000] {taskinstance.py:1308} INFO - Starting attempt 1 of 1
[2023-07-05T16:14:32.799+0000] {taskinstance.py:1327} INFO - Executing <Task(_PythonVirtualenvDecoratedOperator): get_data> on 2023-07-05 00:00:00+00:00
[2023-07-05T16:14:32.804+0000] {standard_task_runner.py:57} INFO - Started process 1728 to run task
[2023-07-05T16:14:32.806+0000] {standard_task_runner.py:84} INFO - Running: ['***', 'tasks', 'run', 'initiallize_python_scrap_data_dag', 'get_data', 'scheduled__2023-07-05T00:00:00+00:00', '--job-id', '30', '--raw', '--subdir', 'DAGS_FOLDER/scrap_data.py', '--cfg-path', '/tmp/tmp2ctjk1w9']
[2023-07-05T16:14:32.807+0000] {standard_task_runner.py:85} INFO - Job 30: Subtask get_data
[2023-07-05T16:14:32.843+0000] {task_command.py:410} INFO - Running <TaskInstance: initiallize_python_scrap_data_dag.get_data scheduled__2023-07-05T00:00:00+00:00 [running]> on host d409bdcb9602
[2023-07-05T16:14:32.921+0000] {taskinstance.py:1547} INFO - Exporting env vars: AIRFLOW_CTX_DAG_OWNER='***' AIRFLOW_CTX_DAG_ID='initiallize_python_scrap_data_dag' AIRFLOW_CTX_TASK_ID='get_data' AIRFLOW_CTX_EXECUTION_DATE='2023-07-05T00:00:00+00:00' AIRFLOW_CTX_TRY_NUMBER='1' AIRFLOW_CTX_DAG_RUN_ID='scheduled__2023-07-05T00:00:00+00:00'
[2023-07-05T16:14:32.922+0000] {process_utils.py:181} INFO - Executing cmd: /usr/local/bin/python -m virtualenv /tmp/venvclncqm1k --system-site-packages
[2023-07-05T16:14:32.929+0000] {process_utils.py:185} INFO - Output:
[2023-07-05T16:14:33.848+0000] {process_utils.py:189} INFO - created virtual environment CPython3.7.17.final.0-64 in 343ms
[2023-07-05T16:14:33.849+0000] {process_utils.py:189} INFO -   creator CPython3Posix(dest=/tmp/venvclncqm1k, clear=False, no_vcs_ignore=False, global=True)
[2023-07-05T16:14:33.849+0000] {process_utils.py:189} INFO -   seeder FromAppData(download=False, pip=bundle, setuptools=bundle, wheel=bundle, via=copy, app_data_dir=/home/***/.local/share/virtualenv)
[2023-07-05T16:14:33.849+0000] {process_utils.py:189} INFO -     added seed packages: pip==23.1.2, setuptools==67.8.0, wheel==0.40.0
[2023-07-05T16:14:33.849+0000] {process_utils.py:189} INFO -   activators BashActivator,CShellActivator,FishActivator,NushellActivator,PowerShellActivator,PythonActivator
[2023-07-05T16:14:33.930+0000] {process_utils.py:181} INFO - Executing cmd: /tmp/venvclncqm1k/bin/pip install -r /tmp/venvclncqm1k/requirements.txt
[2023-07-05T16:14:33.943+0000] {process_utils.py:185} INFO - Output:
[2023-07-05T16:14:40.255+0000] {process_utils.py:181} INFO - Executing cmd: /tmp/venvclncqm1k/bin/python /tmp/venvclncqm1k/script.py /tmp/venvclncqm1k/script.in /tmp/venvclncqm1k/script.out /tmp/venvclncqm1k/string_args.txt
[2023-07-05T16:14:40.261+0000] {process_utils.py:185} INFO - Output:
[2023-07-05T16:14:40.821+0000] {process_utils.py:189} INFO - Traceback (most recent call last):
[2023-07-05T16:14:40.821+0000] {process_utils.py:189} INFO -   File "/tmp/venvclncqm1k/script.py", line 49, in <module>
[2023-07-05T16:14:40.821+0000] {process_utils.py:189} INFO -     res = get_data(*arg_dict["args"], **arg_dict["kwargs"])
[2023-07-05T16:14:40.821+0000] {process_utils.py:189} INFO -   File "/tmp/venvclncqm1k/script.py", line 26, in get_data
[2023-07-05T16:14:40.821+0000] {process_utils.py:189} INFO -     import sklearn
[2023-07-05T16:14:40.821+0000] {process_utils.py:189} INFO - ModuleNotFoundError: No module named 'sklearn'
[2023-07-05T16:14:40.889+0000] {taskinstance.py:1824} ERROR - Task failed with exception
Traceback (most recent call last):
  File "/home/airflow/.local/lib/python3.7/site-packages/airflow/decorators/base.py", line 220, in execute
    return_value = super().execute(context)
  File "/home/airflow/.local/lib/python3.7/site-packages/airflow/operators/python.py", line 374, in execute
    return super().execute(context=serializable_context)
  File "/home/airflow/.local/lib/python3.7/site-packages/airflow/operators/python.py", line 181, in execute
    return_value = self.execute_callable()
  File "/home/airflow/.local/lib/python3.7/site-packages/airflow/operators/python.py", line 578, in execute_callable
    result = self._execute_python_callable_in_subprocess(python_path, tmp_path)
  File "/home/airflow/.local/lib/python3.7/site-packages/airflow/operators/python.py", line 434, in _execute_python_callable_in_subprocess
    os.fspath(string_args_path),
  File "/home/airflow/.local/lib/python3.7/site-packages/airflow/utils/process_utils.py", line 170, in execute_in_subprocess
    execute_in_subprocess_with_kwargs(cmd, cwd=cwd)
  File "/home/airflow/.local/lib/python3.7/site-packages/airflow/utils/process_utils.py", line 193, in execute_in_subprocess_with_kwargs
    raise subprocess.CalledProcessError(exit_code, cmd)
subprocess.CalledProcessError: Command '['/tmp/venvclncqm1k/bin/python', '/tmp/venvclncqm1k/script.py', '/tmp/venvclncqm1k/script.in', '/tmp/venvclncqm1k/script.out', '/tmp/venvclncqm1k/string_args.txt']' returned non-zero exit status 1.
[2023-07-05T16:14:41.103+0000] {taskinstance.py:1350} INFO - Marking task as FAILED. dag_id=initiallize_python_scrap_data_dag, task_id=get_data, execution_date=20230705T000000, start_date=20230705T161432, end_date=20230705T161441
[2023-07-05T16:14:41.296+0000] {standard_task_runner.py:109} ERROR - Failed to execute job 30 for task get_data (Command '['/tmp/venvclncqm1k/bin/python', '/tmp/venvclncqm1k/script.py', '/tmp/venvclncqm1k/script.in', '/tmp/venvclncqm1k/script.out', '/tmp/venvclncqm1k/string_args.txt']' returned non-zero exit status 1.; 1728)
[2023-07-05T16:14:41.334+0000] {local_task_job_runner.py:225} INFO - Task exited with return code 1
[2023-07-05T16:14:41.350+0000] {taskinstance.py:2653} INFO - 0 downstream tasks scheduled from follow-on schedule check
