[2023-07-07T18:51:56.467+0000] {taskinstance.py:1103} INFO - Dependencies all met for dep_context=non-requeueable deps ti=<TaskInstance: test_imports_v9.get_data scheduled__2023-07-05T00:00:00+00:00 [queued]>
[2023-07-07T18:51:56.472+0000] {taskinstance.py:1103} INFO - Dependencies all met for dep_context=requeueable deps ti=<TaskInstance: test_imports_v9.get_data scheduled__2023-07-05T00:00:00+00:00 [queued]>
[2023-07-07T18:51:56.473+0000] {taskinstance.py:1308} INFO - Starting attempt 1 of 1
[2023-07-07T18:51:56.483+0000] {taskinstance.py:1327} INFO - Executing <Task(_PythonDecoratedOperator): get_data> on 2023-07-05 00:00:00+00:00
[2023-07-07T18:51:56.486+0000] {standard_task_runner.py:57} INFO - Started process 1969 to run task
[2023-07-07T18:51:56.488+0000] {standard_task_runner.py:84} INFO - Running: ['***', 'tasks', 'run', 'test_imports_v9', 'get_data', 'scheduled__2023-07-05T00:00:00+00:00', '--job-id', '84', '--raw', '--subdir', 'DAGS_FOLDER/scrap_data.py', '--cfg-path', '/tmp/tmpuw6qj3tq']
[2023-07-07T18:51:56.488+0000] {standard_task_runner.py:85} INFO - Job 84: Subtask get_data
[2023-07-07T18:51:56.518+0000] {task_command.py:410} INFO - Running <TaskInstance: test_imports_v9.get_data scheduled__2023-07-05T00:00:00+00:00 [running]> on host d409bdcb9602
[2023-07-07T18:51:56.575+0000] {taskinstance.py:1547} INFO - Exporting env vars: AIRFLOW_CTX_DAG_OWNER='***' AIRFLOW_CTX_DAG_ID='test_imports_v9' AIRFLOW_CTX_TASK_ID='get_data' AIRFLOW_CTX_EXECUTION_DATE='2023-07-05T00:00:00+00:00' AIRFLOW_CTX_TRY_NUMBER='1' AIRFLOW_CTX_DAG_RUN_ID='scheduled__2023-07-05T00:00:00+00:00'
[2023-07-07T18:51:56.576+0000] {logging_mixin.py:149} INFO - ['/home/***/.local/bin', '/usr/local/lib/python37.zip', '/usr/local/lib/python3.7', '/usr/local/lib/python3.7/lib-dynload', '/home/***/.local/lib/python3.7/site-packages', '/usr/local/lib/python3.7/site-packages', '/opt/***/dags', '/opt/***/config', '/opt/***/plugins']
[2023-07-07T18:51:56.576+0000] {taskinstance.py:1824} ERROR - Task failed with exception
Traceback (most recent call last):
  File "/home/airflow/.local/lib/python3.7/site-packages/airflow/decorators/base.py", line 220, in execute
    return_value = super().execute(context)
  File "/home/airflow/.local/lib/python3.7/site-packages/airflow/operators/python.py", line 181, in execute
    return_value = self.execute_callable()
  File "/home/airflow/.local/lib/python3.7/site-packages/airflow/operators/python.py", line 198, in execute_callable
    return self.python_callable(*self.op_args, **self.op_kwargs)
  File "/opt/airflow/dags/scrap_data.py", line 27, in get_data
    import selenium
ModuleNotFoundError: No module named 'selenium'
[2023-07-07T18:51:56.582+0000] {taskinstance.py:1350} INFO - Marking task as FAILED. dag_id=test_imports_v9, task_id=get_data, execution_date=20230705T000000, start_date=20230707T185156, end_date=20230707T185156
[2023-07-07T18:51:56.590+0000] {standard_task_runner.py:109} ERROR - Failed to execute job 84 for task get_data (No module named 'selenium'; 1969)
[2023-07-07T18:51:56.620+0000] {local_task_job_runner.py:225} INFO - Task exited with return code 1
[2023-07-07T18:51:56.632+0000] {taskinstance.py:2653} INFO - 0 downstream tasks scheduled from follow-on schedule check
