[2023-07-07T18:53:17.612+0000] {taskinstance.py:1103} INFO - Dependencies all met for dep_context=non-requeueable deps ti=<TaskInstance: test_imports_v10.get_data manual__2023-07-07T18:53:17.120934+00:00 [queued]>
[2023-07-07T18:53:17.619+0000] {taskinstance.py:1103} INFO - Dependencies all met for dep_context=requeueable deps ti=<TaskInstance: test_imports_v10.get_data manual__2023-07-07T18:53:17.120934+00:00 [queued]>
[2023-07-07T18:53:17.619+0000] {taskinstance.py:1308} INFO - Starting attempt 1 of 1
[2023-07-07T18:53:17.630+0000] {taskinstance.py:1327} INFO - Executing <Task(_PythonVirtualenvDecoratedOperator): get_data> on 2023-07-07 18:53:17.120934+00:00
[2023-07-07T18:53:17.636+0000] {standard_task_runner.py:57} INFO - Started process 2005 to run task
[2023-07-07T18:53:17.637+0000] {standard_task_runner.py:84} INFO - Running: ['***', 'tasks', 'run', 'test_imports_v10', 'get_data', 'manual__2023-07-07T18:53:17.120934+00:00', '--job-id', '87', '--raw', '--subdir', 'DAGS_FOLDER/scrap_data.py', '--cfg-path', '/tmp/tmptobugw8j']
[2023-07-07T18:53:17.638+0000] {standard_task_runner.py:85} INFO - Job 87: Subtask get_data
[2023-07-07T18:53:17.676+0000] {task_command.py:410} INFO - Running <TaskInstance: test_imports_v10.get_data manual__2023-07-07T18:53:17.120934+00:00 [running]> on host d409bdcb9602
[2023-07-07T18:53:17.747+0000] {taskinstance.py:1547} INFO - Exporting env vars: AIRFLOW_CTX_DAG_OWNER='***' AIRFLOW_CTX_DAG_ID='test_imports_v10' AIRFLOW_CTX_TASK_ID='get_data' AIRFLOW_CTX_EXECUTION_DATE='2023-07-07T18:53:17.120934+00:00' AIRFLOW_CTX_TRY_NUMBER='1' AIRFLOW_CTX_DAG_RUN_ID='manual__2023-07-07T18:53:17.120934+00:00'
[2023-07-07T18:53:17.748+0000] {process_utils.py:181} INFO - Executing cmd: /usr/local/bin/python -m virtualenv /tmp/venvmf7vain7
[2023-07-07T18:53:17.754+0000] {process_utils.py:185} INFO - Output:
[2023-07-07T18:53:18.455+0000] {process_utils.py:189} INFO - created virtual environment CPython3.7.17.final.0-64 in 169ms
[2023-07-07T18:53:18.456+0000] {process_utils.py:189} INFO -   creator CPython3Posix(dest=/tmp/venvmf7vain7, clear=False, no_vcs_ignore=False, global=False)
[2023-07-07T18:53:18.457+0000] {process_utils.py:189} INFO -   seeder FromAppData(download=False, pip=bundle, setuptools=bundle, wheel=bundle, via=copy, app_data_dir=/home/***/.local/share/virtualenv)
[2023-07-07T18:53:18.457+0000] {process_utils.py:189} INFO -     added seed packages: pip==23.1.2, setuptools==67.8.0, wheel==0.40.0
[2023-07-07T18:53:18.457+0000] {process_utils.py:189} INFO -   activators BashActivator,CShellActivator,FishActivator,NushellActivator,PowerShellActivator,PythonActivator
[2023-07-07T18:53:18.484+0000] {process_utils.py:181} INFO - Executing cmd: /tmp/venvmf7vain7/bin/pip install -r /tmp/venvmf7vain7/requirements.txt
[2023-07-07T18:53:18.489+0000] {process_utils.py:185} INFO - Output:
[2023-07-07T18:53:19.588+0000] {process_utils.py:189} INFO - Collecting selenium (from -r /tmp/venvmf7vain7/requirements.txt (line 1))
[2023-07-07T18:53:19.600+0000] {process_utils.py:189} INFO -   Using cached selenium-4.10.0-py3-none-any.whl (6.7 MB)
[2023-07-07T18:53:19.696+0000] {process_utils.py:189} INFO - Collecting urllib3[socks]<3,>=1.26 (from selenium->-r /tmp/venvmf7vain7/requirements.txt (line 1))
[2023-07-07T18:53:19.698+0000] {process_utils.py:189} INFO -   Using cached urllib3-2.0.3-py3-none-any.whl (123 kB)
[2023-07-07T18:53:19.739+0000] {process_utils.py:189} INFO - Collecting trio~=0.17 (from selenium->-r /tmp/venvmf7vain7/requirements.txt (line 1))
[2023-07-07T18:53:19.741+0000] {process_utils.py:189} INFO -   Using cached trio-0.22.1-py3-none-any.whl (399 kB)
[2023-07-07T18:53:19.782+0000] {process_utils.py:189} INFO - Collecting trio-websocket~=0.9 (from selenium->-r /tmp/venvmf7vain7/requirements.txt (line 1))
[2023-07-07T18:53:19.784+0000] {process_utils.py:189} INFO -   Using cached trio_websocket-0.10.3-py3-none-any.whl (17 kB)
[2023-07-07T18:53:19.835+0000] {process_utils.py:189} INFO - Collecting certifi>=2021.10.8 (from selenium->-r /tmp/venvmf7vain7/requirements.txt (line 1))
[2023-07-07T18:53:19.837+0000] {process_utils.py:189} INFO -   Using cached certifi-2023.5.7-py3-none-any.whl (156 kB)
[2023-07-07T18:53:19.886+0000] {process_utils.py:189} INFO - Collecting attrs>=20.1.0 (from trio~=0.17->selenium->-r /tmp/venvmf7vain7/requirements.txt (line 1))
[2023-07-07T18:53:19.887+0000] {process_utils.py:189} INFO -   Using cached attrs-23.1.0-py3-none-any.whl (61 kB)
[2023-07-07T18:53:19.929+0000] {process_utils.py:189} INFO - Collecting sortedcontainers (from trio~=0.17->selenium->-r /tmp/venvmf7vain7/requirements.txt (line 1))
[2023-07-07T18:53:19.931+0000] {process_utils.py:189} INFO -   Using cached sortedcontainers-2.4.0-py2.py3-none-any.whl (29 kB)
[2023-07-07T18:53:19.969+0000] {process_utils.py:189} INFO - Collecting idna (from trio~=0.17->selenium->-r /tmp/venvmf7vain7/requirements.txt (line 1))
[2023-07-07T18:53:19.971+0000] {process_utils.py:189} INFO -   Using cached idna-3.4-py3-none-any.whl (61 kB)
[2023-07-07T18:53:20.004+0000] {process_utils.py:189} INFO - Collecting outcome (from trio~=0.17->selenium->-r /tmp/venvmf7vain7/requirements.txt (line 1))
[2023-07-07T18:53:20.006+0000] {process_utils.py:189} INFO -   Using cached outcome-1.2.0-py2.py3-none-any.whl (9.7 kB)
[2023-07-07T18:53:20.037+0000] {process_utils.py:189} INFO - Collecting sniffio (from trio~=0.17->selenium->-r /tmp/venvmf7vain7/requirements.txt (line 1))
[2023-07-07T18:53:20.039+0000] {process_utils.py:189} INFO -   Using cached sniffio-1.3.0-py3-none-any.whl (10 kB)
[2023-07-07T18:53:20.082+0000] {process_utils.py:189} INFO - Collecting exceptiongroup>=1.0.0rc9 (from trio~=0.17->selenium->-r /tmp/venvmf7vain7/requirements.txt (line 1))
[2023-07-07T18:53:20.084+0000] {process_utils.py:189} INFO -   Using cached exceptiongroup-1.1.2-py3-none-any.whl (14 kB)
[2023-07-07T18:53:20.124+0000] {process_utils.py:189} INFO - Collecting wsproto>=0.14 (from trio-websocket~=0.9->selenium->-r /tmp/venvmf7vain7/requirements.txt (line 1))
[2023-07-07T18:53:20.126+0000] {process_utils.py:189} INFO -   Using cached wsproto-1.2.0-py3-none-any.whl (24 kB)
[2023-07-07T18:53:20.173+0000] {process_utils.py:189} INFO - Collecting pysocks!=1.5.7,<2.0,>=1.5.6 (from urllib3[socks]<3,>=1.26->selenium->-r /tmp/venvmf7vain7/requirements.txt (line 1))
[2023-07-07T18:53:20.174+0000] {process_utils.py:189} INFO -   Using cached PySocks-1.7.1-py3-none-any.whl (16 kB)
[2023-07-07T18:53:20.280+0000] {process_utils.py:189} INFO - Collecting importlib-metadata (from attrs>=20.1.0->trio~=0.17->selenium->-r /tmp/venvmf7vain7/requirements.txt (line 1))
[2023-07-07T18:53:20.282+0000] {process_utils.py:189} INFO -   Using cached importlib_metadata-6.7.0-py3-none-any.whl (22 kB)
[2023-07-07T18:53:20.330+0000] {process_utils.py:189} INFO - Collecting h11<1,>=0.9.0 (from wsproto>=0.14->trio-websocket~=0.9->selenium->-r /tmp/venvmf7vain7/requirements.txt (line 1))
[2023-07-07T18:53:20.331+0000] {process_utils.py:189} INFO -   Using cached h11-0.14.0-py3-none-any.whl (58 kB)
[2023-07-07T18:53:20.393+0000] {process_utils.py:189} INFO - Collecting typing-extensions (from h11<1,>=0.9.0->wsproto>=0.14->trio-websocket~=0.9->selenium->-r /tmp/venvmf7vain7/requirements.txt (line 1))
[2023-07-07T18:53:20.394+0000] {process_utils.py:189} INFO -   Using cached typing_extensions-4.7.1-py3-none-any.whl (33 kB)
[2023-07-07T18:53:20.470+0000] {process_utils.py:189} INFO - Collecting zipp>=0.5 (from importlib-metadata->attrs>=20.1.0->trio~=0.17->selenium->-r /tmp/venvmf7vain7/requirements.txt (line 1))
[2023-07-07T18:53:20.472+0000] {process_utils.py:189} INFO -   Using cached zipp-3.15.0-py3-none-any.whl (6.8 kB)
[2023-07-07T18:53:20.640+0000] {process_utils.py:189} INFO - Installing collected packages: sortedcontainers, zipp, urllib3, typing-extensions, sniffio, pysocks, idna, exceptiongroup, certifi, importlib-metadata, h11, wsproto, attrs, outcome, trio, trio-websocket, selenium
[2023-07-07T18:53:21.603+0000] {process_utils.py:189} INFO - Successfully installed attrs-23.1.0 certifi-2023.5.7 exceptiongroup-1.1.2 h11-0.14.0 idna-3.4 importlib-metadata-6.7.0 outcome-1.2.0 pysocks-1.7.1 selenium-4.10.0 sniffio-1.3.0 sortedcontainers-2.4.0 trio-0.22.1 trio-websocket-0.10.3 typing-extensions-4.7.1 urllib3-2.0.3 wsproto-1.2.0 zipp-3.15.0
[2023-07-07T18:53:21.821+0000] {process_utils.py:181} INFO - Executing cmd: /tmp/venvmf7vain7/bin/python /tmp/venvmf7vain7/script.py /tmp/venvmf7vain7/script.in /tmp/venvmf7vain7/script.out /tmp/venvmf7vain7/string_args.txt
[2023-07-07T18:53:21.830+0000] {process_utils.py:185} INFO - Output:
[2023-07-07T18:53:21.888+0000] {process_utils.py:189} INFO - ['/tmp/venvmf7vain7', '/usr/local/lib/python37.zip', '/usr/local/lib/python3.7', '/usr/local/lib/python3.7/lib-dynload', '/tmp/venvmf7vain7/lib/python3.7/site-packages']
[2023-07-07T18:53:21.889+0000] {process_utils.py:189} INFO - 4.10.0
[2023-07-07T18:53:21.889+0000] {process_utils.py:189} INFO - Traceback (most recent call last):
[2023-07-07T18:53:21.889+0000] {process_utils.py:189} INFO -   File "/tmp/venvmf7vain7/script.py", line 33, in <module>
[2023-07-07T18:53:21.889+0000] {process_utils.py:189} INFO -     res = get_data(*arg_dict["args"], **arg_dict["kwargs"])
[2023-07-07T18:53:21.889+0000] {process_utils.py:189} INFO -   File "/tmp/venvmf7vain7/script.py", line 30, in get_data
[2023-07-07T18:53:21.889+0000] {process_utils.py:189} INFO -     import pandas as pd
[2023-07-07T18:53:21.889+0000] {process_utils.py:189} INFO - ModuleNotFoundError: No module named 'pandas'
[2023-07-07T18:53:21.939+0000] {taskinstance.py:1824} ERROR - Task failed with exception
Traceback (most recent call last):
  File "/home/airflow/.local/lib/python3.7/site-packages/airflow/decorators/base.py", line 220, in execute
    return_value = super().execute(context)
  File "/home/airflow/.local/lib/python3.7/site-packages/airflow/operators/python.py", line 374, in execute
    return super().execute(context=serializable_context)
  File "/home/airflow/.local/lib/python3.7/site-packages/airflow/operators/python.py", line 181, in execute
    return_value = self.execute_callable()
  File "/home/airflow/.local/lib/python3.7/site-packages/airflow/operators/python.py", line 578, in execute_callable
    result = self._execute_python_callable_in_subprocess(python_path, tmp_path)
  File "/home/airflow/.local/lib/python3.7/site-packages/airflow/operators/python.py", line 434, in _execute_python_callable_in_subprocess
    os.fspath(string_args_path),
  File "/home/airflow/.local/lib/python3.7/site-packages/airflow/utils/process_utils.py", line 170, in execute_in_subprocess
    execute_in_subprocess_with_kwargs(cmd, cwd=cwd)
  File "/home/airflow/.local/lib/python3.7/site-packages/airflow/utils/process_utils.py", line 193, in execute_in_subprocess_with_kwargs
    raise subprocess.CalledProcessError(exit_code, cmd)
subprocess.CalledProcessError: Command '['/tmp/venvmf7vain7/bin/python', '/tmp/venvmf7vain7/script.py', '/tmp/venvmf7vain7/script.in', '/tmp/venvmf7vain7/script.out', '/tmp/venvmf7vain7/string_args.txt']' returned non-zero exit status 1.
[2023-07-07T18:53:21.946+0000] {taskinstance.py:1350} INFO - Marking task as FAILED. dag_id=test_imports_v10, task_id=get_data, execution_date=20230707T185317, start_date=20230707T185317, end_date=20230707T185321
[2023-07-07T18:53:21.959+0000] {standard_task_runner.py:109} ERROR - Failed to execute job 87 for task get_data (Command '['/tmp/venvmf7vain7/bin/python', '/tmp/venvmf7vain7/script.py', '/tmp/venvmf7vain7/script.in', '/tmp/venvmf7vain7/script.out', '/tmp/venvmf7vain7/string_args.txt']' returned non-zero exit status 1.; 2005)
[2023-07-07T18:53:21.993+0000] {local_task_job_runner.py:225} INFO - Task exited with return code 1
[2023-07-07T18:53:22.006+0000] {taskinstance.py:2653} INFO - 0 downstream tasks scheduled from follow-on schedule check
