[2023-07-07T15:59:30.301+0000] {taskinstance.py:1103} INFO - Dependencies all met for dep_context=non-requeueable deps ti=<TaskInstance: test_imports_v6.get_data manual__2023-07-07T15:59:29.605431+00:00 [queued]>
[2023-07-07T15:59:30.307+0000] {taskinstance.py:1103} INFO - Dependencies all met for dep_context=requeueable deps ti=<TaskInstance: test_imports_v6.get_data manual__2023-07-07T15:59:29.605431+00:00 [queued]>
[2023-07-07T15:59:30.307+0000] {taskinstance.py:1308} INFO - Starting attempt 1 of 1
[2023-07-07T15:59:30.317+0000] {taskinstance.py:1327} INFO - Executing <Task(_PythonDecoratedOperator): get_data> on 2023-07-07 15:59:29.605431+00:00
[2023-07-07T15:59:30.322+0000] {standard_task_runner.py:57} INFO - Started process 1027 to run task
[2023-07-07T15:59:30.324+0000] {standard_task_runner.py:84} INFO - Running: ['***', 'tasks', 'run', 'test_imports_v6', 'get_data', 'manual__2023-07-07T15:59:29.605431+00:00', '--job-id', '69', '--raw', '--subdir', 'DAGS_FOLDER/scrap_data.py', '--cfg-path', '/tmp/tmp_xzbgy4s']
[2023-07-07T15:59:30.324+0000] {standard_task_runner.py:85} INFO - Job 69: Subtask get_data
[2023-07-07T15:59:30.355+0000] {task_command.py:410} INFO - Running <TaskInstance: test_imports_v6.get_data manual__2023-07-07T15:59:29.605431+00:00 [running]> on host d409bdcb9602
[2023-07-07T15:59:30.417+0000] {taskinstance.py:1547} INFO - Exporting env vars: AIRFLOW_CTX_DAG_OWNER='***' AIRFLOW_CTX_DAG_ID='test_imports_v6' AIRFLOW_CTX_TASK_ID='get_data' AIRFLOW_CTX_EXECUTION_DATE='2023-07-07T15:59:29.605431+00:00' AIRFLOW_CTX_TRY_NUMBER='1' AIRFLOW_CTX_DAG_RUN_ID='manual__2023-07-07T15:59:29.605431+00:00'
[2023-07-07T15:59:30.418+0000] {taskinstance.py:1824} ERROR - Task failed with exception
Traceback (most recent call last):
  File "/home/airflow/.local/lib/python3.7/site-packages/airflow/decorators/base.py", line 220, in execute
    return_value = super().execute(context)
  File "/home/airflow/.local/lib/python3.7/site-packages/airflow/operators/python.py", line 181, in execute
    return_value = self.execute_callable()
  File "/home/airflow/.local/lib/python3.7/site-packages/airflow/operators/python.py", line 198, in execute_callable
    return self.python_callable(*self.op_args, **self.op_kwargs)
  File "/opt/airflow/dags/scrap_data.py", line 23, in get_data
    from selenium import webdriver
ModuleNotFoundError: No module named 'selenium'
[2023-07-07T15:59:30.424+0000] {taskinstance.py:1350} INFO - Marking task as FAILED. dag_id=test_imports_v6, task_id=get_data, execution_date=20230707T155929, start_date=20230707T155930, end_date=20230707T155930
[2023-07-07T15:59:30.433+0000] {standard_task_runner.py:109} ERROR - Failed to execute job 69 for task get_data (No module named 'selenium'; 1027)
[2023-07-07T15:59:30.456+0000] {local_task_job_runner.py:225} INFO - Task exited with return code 1
[2023-07-07T15:59:30.470+0000] {taskinstance.py:2653} INFO - 0 downstream tasks scheduled from follow-on schedule check
