[2023-07-07T19:02:38.873+0000] {taskinstance.py:1103} INFO - Dependencies all met for dep_context=non-requeueable deps ti=<TaskInstance: dag_scrap_biobio_v7.scrap_data manual__2023-07-07T19:02:37.218086+00:00 [queued]>
[2023-07-07T19:02:38.880+0000] {taskinstance.py:1103} INFO - Dependencies all met for dep_context=requeueable deps ti=<TaskInstance: dag_scrap_biobio_v7.scrap_data manual__2023-07-07T19:02:37.218086+00:00 [queued]>
[2023-07-07T19:02:38.880+0000] {taskinstance.py:1308} INFO - Starting attempt 1 of 1
[2023-07-07T19:02:38.890+0000] {taskinstance.py:1327} INFO - Executing <Task(_PythonVirtualenvDecoratedOperator): scrap_data> on 2023-07-07 19:02:37.218086+00:00
[2023-07-07T19:02:38.894+0000] {standard_task_runner.py:57} INFO - Started process 2204 to run task
[2023-07-07T19:02:38.896+0000] {standard_task_runner.py:84} INFO - Running: ['***', 'tasks', 'run', 'dag_scrap_biobio_v7', 'scrap_data', 'manual__2023-07-07T19:02:37.218086+00:00', '--job-id', '91', '--raw', '--subdir', 'DAGS_FOLDER/dag_scrap_biobio.py', '--cfg-path', '/tmp/tmpbk24lwmt']
[2023-07-07T19:02:38.902+0000] {standard_task_runner.py:85} INFO - Job 91: Subtask scrap_data
[2023-07-07T19:02:38.966+0000] {task_command.py:410} INFO - Running <TaskInstance: dag_scrap_biobio_v7.scrap_data manual__2023-07-07T19:02:37.218086+00:00 [running]> on host d409bdcb9602
[2023-07-07T19:02:39.020+0000] {taskinstance.py:1547} INFO - Exporting env vars: AIRFLOW_CTX_DAG_OWNER='***' AIRFLOW_CTX_DAG_ID='dag_scrap_biobio_v7' AIRFLOW_CTX_TASK_ID='scrap_data' AIRFLOW_CTX_EXECUTION_DATE='2023-07-07T19:02:37.218086+00:00' AIRFLOW_CTX_TRY_NUMBER='1' AIRFLOW_CTX_DAG_RUN_ID='manual__2023-07-07T19:02:37.218086+00:00'
[2023-07-07T19:02:39.021+0000] {process_utils.py:181} INFO - Executing cmd: /usr/local/bin/python -m virtualenv /tmp/venvv3w2jxyn
[2023-07-07T19:02:39.028+0000] {process_utils.py:185} INFO - Output:
[2023-07-07T19:02:39.717+0000] {process_utils.py:189} INFO - created virtual environment CPython3.7.17.final.0-64 in 144ms
[2023-07-07T19:02:39.717+0000] {process_utils.py:189} INFO -   creator CPython3Posix(dest=/tmp/venvv3w2jxyn, clear=False, no_vcs_ignore=False, global=False)
[2023-07-07T19:02:39.718+0000] {process_utils.py:189} INFO -   seeder FromAppData(download=False, pip=bundle, setuptools=bundle, wheel=bundle, via=copy, app_data_dir=/home/***/.local/share/virtualenv)
[2023-07-07T19:02:39.718+0000] {process_utils.py:189} INFO -     added seed packages: pip==23.1.2, setuptools==67.8.0, wheel==0.40.0
[2023-07-07T19:02:39.718+0000] {process_utils.py:189} INFO -   activators BashActivator,CShellActivator,FishActivator,NushellActivator,PowerShellActivator,PythonActivator
[2023-07-07T19:02:39.753+0000] {process_utils.py:181} INFO - Executing cmd: /tmp/venvv3w2jxyn/bin/pip install -r /tmp/venvv3w2jxyn/requirements.txt
[2023-07-07T19:02:39.761+0000] {process_utils.py:185} INFO - Output:
[2023-07-07T19:02:40.867+0000] {process_utils.py:189} INFO - Collecting selenium (from -r /tmp/venvv3w2jxyn/requirements.txt (line 1))
[2023-07-07T19:02:40.882+0000] {process_utils.py:189} INFO -   Using cached selenium-4.10.0-py3-none-any.whl (6.7 MB)
[2023-07-07T19:02:40.930+0000] {process_utils.py:189} INFO - ERROR: Could not find a version that satisfies the requirement hashlib (from versions: 20081119)
[2023-07-07T19:02:40.930+0000] {process_utils.py:189} INFO - ERROR: No matching distribution found for hashlib
[2023-07-07T19:02:41.167+0000] {taskinstance.py:1824} ERROR - Task failed with exception
Traceback (most recent call last):
  File "/home/airflow/.local/lib/python3.7/site-packages/airflow/decorators/base.py", line 220, in execute
    return_value = super().execute(context)
  File "/home/airflow/.local/lib/python3.7/site-packages/airflow/operators/python.py", line 374, in execute
    return super().execute(context=serializable_context)
  File "/home/airflow/.local/lib/python3.7/site-packages/airflow/operators/python.py", line 181, in execute
    return_value = self.execute_callable()
  File "/home/airflow/.local/lib/python3.7/site-packages/airflow/operators/python.py", line 575, in execute_callable
    pip_install_options=self.pip_install_options,
  File "/home/airflow/.local/lib/python3.7/site-packages/airflow/utils/python_virtualenv.py", line 99, in prepare_virtualenv
    execute_in_subprocess(pip_cmd)
  File "/home/airflow/.local/lib/python3.7/site-packages/airflow/utils/process_utils.py", line 170, in execute_in_subprocess
    execute_in_subprocess_with_kwargs(cmd, cwd=cwd)
  File "/home/airflow/.local/lib/python3.7/site-packages/airflow/utils/process_utils.py", line 193, in execute_in_subprocess_with_kwargs
    raise subprocess.CalledProcessError(exit_code, cmd)
subprocess.CalledProcessError: Command '['/tmp/venvv3w2jxyn/bin/pip', 'install', '-r', '/tmp/venvv3w2jxyn/requirements.txt']' returned non-zero exit status 1.
[2023-07-07T19:02:41.176+0000] {taskinstance.py:1350} INFO - Marking task as FAILED. dag_id=dag_scrap_biobio_v7, task_id=scrap_data, execution_date=20230707T190237, start_date=20230707T190238, end_date=20230707T190241
[2023-07-07T19:02:41.186+0000] {standard_task_runner.py:109} ERROR - Failed to execute job 91 for task scrap_data (Command '['/tmp/venvv3w2jxyn/bin/pip', 'install', '-r', '/tmp/venvv3w2jxyn/requirements.txt']' returned non-zero exit status 1.; 2204)
[2023-07-07T19:02:41.208+0000] {local_task_job_runner.py:225} INFO - Task exited with return code 1
[2023-07-07T19:02:41.223+0000] {taskinstance.py:2653} INFO - 0 downstream tasks scheduled from follow-on schedule check
