[2023-07-05T16:21:06.988+0000] {taskinstance.py:1103} INFO - Dependencies all met for dep_context=non-requeueable deps ti=<TaskInstance: initiallize_python_scrap_data_dag.virtualenv_python manual__2023-07-05T16:21:06.359794+00:00 [queued]>
[2023-07-05T16:21:06.998+0000] {taskinstance.py:1103} INFO - Dependencies all met for dep_context=requeueable deps ti=<TaskInstance: initiallize_python_scrap_data_dag.virtualenv_python manual__2023-07-05T16:21:06.359794+00:00 [queued]>
[2023-07-05T16:21:06.998+0000] {taskinstance.py:1308} INFO - Starting attempt 1 of 1
[2023-07-05T16:21:07.009+0000] {taskinstance.py:1327} INFO - Executing <Task(_PythonVirtualenvDecoratedOperator): virtualenv_python> on 2023-07-05 16:21:06.359794+00:00
[2023-07-05T16:21:07.015+0000] {standard_task_runner.py:57} INFO - Started process 1931 to run task
[2023-07-05T16:21:07.017+0000] {standard_task_runner.py:84} INFO - Running: ['***', 'tasks', 'run', 'initiallize_python_scrap_data_dag', 'virtualenv_python', 'manual__2023-07-05T16:21:06.359794+00:00', '--job-id', '37', '--raw', '--subdir', 'DAGS_FOLDER/scrap_data.py', '--cfg-path', '/tmp/tmpou0atkry']
[2023-07-05T16:21:07.017+0000] {standard_task_runner.py:85} INFO - Job 37: Subtask virtualenv_python
[2023-07-05T16:21:07.055+0000] {task_command.py:410} INFO - Running <TaskInstance: initiallize_python_scrap_data_dag.virtualenv_python manual__2023-07-05T16:21:06.359794+00:00 [running]> on host d409bdcb9602
[2023-07-05T16:21:07.122+0000] {taskinstance.py:1547} INFO - Exporting env vars: AIRFLOW_CTX_DAG_OWNER='***' AIRFLOW_CTX_DAG_ID='initiallize_python_scrap_data_dag' AIRFLOW_CTX_TASK_ID='virtualenv_python' AIRFLOW_CTX_EXECUTION_DATE='2023-07-05T16:21:06.359794+00:00' AIRFLOW_CTX_TRY_NUMBER='1' AIRFLOW_CTX_DAG_RUN_ID='manual__2023-07-05T16:21:06.359794+00:00'
[2023-07-05T16:21:07.123+0000] {process_utils.py:181} INFO - Executing cmd: /usr/local/bin/python -m virtualenv /tmp/venv8imqkm68
[2023-07-05T16:21:07.134+0000] {process_utils.py:185} INFO - Output:
[2023-07-05T16:21:07.877+0000] {process_utils.py:189} INFO - created virtual environment CPython3.7.17.final.0-64 in 168ms
[2023-07-05T16:21:07.877+0000] {process_utils.py:189} INFO -   creator CPython3Posix(dest=/tmp/venv8imqkm68, clear=False, no_vcs_ignore=False, global=False)
[2023-07-05T16:21:07.877+0000] {process_utils.py:189} INFO -   seeder FromAppData(download=False, pip=bundle, setuptools=bundle, wheel=bundle, via=copy, app_data_dir=/home/***/.local/share/virtualenv)
[2023-07-05T16:21:07.878+0000] {process_utils.py:189} INFO -     added seed packages: pip==23.1.2, setuptools==67.8.0, wheel==0.40.0
[2023-07-05T16:21:07.878+0000] {process_utils.py:189} INFO -   activators BashActivator,CShellActivator,FishActivator,NushellActivator,PowerShellActivator,PythonActivator
[2023-07-05T16:21:07.908+0000] {process_utils.py:181} INFO - Executing cmd: /tmp/venv8imqkm68/bin/pip install -r /tmp/venv8imqkm68/requirements.txt
[2023-07-05T16:21:07.915+0000] {process_utils.py:185} INFO - Output:
[2023-07-05T16:21:09.028+0000] {process_utils.py:189} INFO - Collecting requests (from -r /tmp/venv8imqkm68/requirements.txt (line 1))
[2023-07-05T16:21:09.030+0000] {process_utils.py:189} INFO -   Using cached requests-2.31.0-py3-none-any.whl (62 kB)
[2023-07-05T16:21:09.076+0000] {process_utils.py:189} INFO - Collecting beautifulsoup4 (from -r /tmp/venv8imqkm68/requirements.txt (line 2))
[2023-07-05T16:21:09.078+0000] {process_utils.py:189} INFO -   Using cached beautifulsoup4-4.12.2-py3-none-any.whl (142 kB)
[2023-07-05T16:21:09.337+0000] {process_utils.py:189} INFO - Collecting lxml (from -r /tmp/venv8imqkm68/requirements.txt (line 3))
[2023-07-05T16:21:09.354+0000] {process_utils.py:189} INFO -   Using cached lxml-4.9.3-cp37-cp37m-manylinux_2_28_x86_64.whl (7.4 MB)
[2023-07-05T16:21:09.439+0000] {process_utils.py:189} INFO - Collecting selenium (from -r /tmp/venv8imqkm68/requirements.txt (line 4))
[2023-07-05T16:21:09.453+0000] {process_utils.py:189} INFO -   Using cached selenium-4.10.0-py3-none-any.whl (6.7 MB)
[2023-07-05T16:21:09.696+0000] {process_utils.py:189} INFO - Collecting pandas (from -r /tmp/venv8imqkm68/requirements.txt (line 5))
[2023-07-05T16:21:09.724+0000] {process_utils.py:189} INFO -   Using cached pandas-1.3.5-cp37-cp37m-manylinux_2_17_x86_64.manylinux2014_x86_64.whl (11.3 MB)
[2023-07-05T16:21:09.868+0000] {process_utils.py:189} INFO - Collecting charset-normalizer<4,>=2 (from requests->-r /tmp/venv8imqkm68/requirements.txt (line 1))
[2023-07-05T16:21:09.870+0000] {process_utils.py:189} INFO -   Using cached charset_normalizer-3.1.0-cp37-cp37m-manylinux_2_17_x86_64.manylinux2014_x86_64.whl (171 kB)
[2023-07-05T16:21:09.910+0000] {process_utils.py:189} INFO - Collecting idna<4,>=2.5 (from requests->-r /tmp/venv8imqkm68/requirements.txt (line 1))
[2023-07-05T16:21:09.912+0000] {process_utils.py:189} INFO -   Using cached idna-3.4-py3-none-any.whl (61 kB)
[2023-07-05T16:21:09.981+0000] {process_utils.py:189} INFO - Collecting urllib3<3,>=1.21.1 (from requests->-r /tmp/venv8imqkm68/requirements.txt (line 1))
[2023-07-05T16:21:09.983+0000] {process_utils.py:189} INFO -   Using cached urllib3-2.0.3-py3-none-any.whl (123 kB)
[2023-07-05T16:21:10.035+0000] {process_utils.py:189} INFO - Collecting certifi>=2017.4.17 (from requests->-r /tmp/venv8imqkm68/requirements.txt (line 1))
[2023-07-05T16:21:10.036+0000] {process_utils.py:189} INFO -   Using cached certifi-2023.5.7-py3-none-any.whl (156 kB)
[2023-07-05T16:21:10.104+0000] {process_utils.py:189} INFO - Collecting soupsieve>1.2 (from beautifulsoup4->-r /tmp/venv8imqkm68/requirements.txt (line 2))
[2023-07-05T16:21:10.105+0000] {process_utils.py:189} INFO -   Using cached soupsieve-2.4.1-py3-none-any.whl (36 kB)
[2023-07-05T16:21:10.161+0000] {process_utils.py:189} INFO - Collecting trio~=0.17 (from selenium->-r /tmp/venv8imqkm68/requirements.txt (line 4))
[2023-07-05T16:21:10.163+0000] {process_utils.py:189} INFO -   Using cached trio-0.22.1-py3-none-any.whl (399 kB)
[2023-07-05T16:21:10.205+0000] {process_utils.py:189} INFO - Collecting trio-websocket~=0.9 (from selenium->-r /tmp/venv8imqkm68/requirements.txt (line 4))
[2023-07-05T16:21:10.207+0000] {process_utils.py:189} INFO -   Using cached trio_websocket-0.10.3-py3-none-any.whl (17 kB)
[2023-07-05T16:21:10.263+0000] {process_utils.py:189} INFO - Collecting python-dateutil>=2.7.3 (from pandas->-r /tmp/venv8imqkm68/requirements.txt (line 5))
[2023-07-05T16:21:10.265+0000] {process_utils.py:189} INFO -   Using cached python_dateutil-2.8.2-py2.py3-none-any.whl (247 kB)
[2023-07-05T16:21:10.350+0000] {process_utils.py:189} INFO - Collecting pytz>=2017.3 (from pandas->-r /tmp/venv8imqkm68/requirements.txt (line 5))
[2023-07-05T16:21:10.352+0000] {process_utils.py:189} INFO -   Using cached pytz-2023.3-py2.py3-none-any.whl (502 kB)
[2023-07-05T16:21:10.707+0000] {process_utils.py:189} INFO - Collecting numpy>=1.17.3 (from pandas->-r /tmp/venv8imqkm68/requirements.txt (line 5))
[2023-07-05T16:21:10.742+0000] {process_utils.py:189} INFO -   Using cached numpy-1.21.6-cp37-cp37m-manylinux_2_12_x86_64.manylinux2010_x86_64.whl (15.7 MB)
[2023-07-05T16:21:10.847+0000] {process_utils.py:189} INFO - Collecting six>=1.5 (from python-dateutil>=2.7.3->pandas->-r /tmp/venv8imqkm68/requirements.txt (line 5))
[2023-07-05T16:21:10.849+0000] {process_utils.py:189} INFO -   Using cached six-1.16.0-py2.py3-none-any.whl (11 kB)
[2023-07-05T16:21:10.906+0000] {process_utils.py:189} INFO - Collecting attrs>=20.1.0 (from trio~=0.17->selenium->-r /tmp/venv8imqkm68/requirements.txt (line 4))
[2023-07-05T16:21:10.907+0000] {process_utils.py:189} INFO -   Using cached attrs-23.1.0-py3-none-any.whl (61 kB)
[2023-07-05T16:21:10.952+0000] {process_utils.py:189} INFO - Collecting sortedcontainers (from trio~=0.17->selenium->-r /tmp/venv8imqkm68/requirements.txt (line 4))
[2023-07-05T16:21:10.954+0000] {process_utils.py:189} INFO -   Using cached sortedcontainers-2.4.0-py2.py3-none-any.whl (29 kB)
[2023-07-05T16:21:10.995+0000] {process_utils.py:189} INFO - Collecting outcome (from trio~=0.17->selenium->-r /tmp/venv8imqkm68/requirements.txt (line 4))
[2023-07-05T16:21:10.997+0000] {process_utils.py:189} INFO -   Using cached outcome-1.2.0-py2.py3-none-any.whl (9.7 kB)
[2023-07-05T16:21:11.032+0000] {process_utils.py:189} INFO - Collecting sniffio (from trio~=0.17->selenium->-r /tmp/venv8imqkm68/requirements.txt (line 4))
[2023-07-05T16:21:11.034+0000] {process_utils.py:189} INFO -   Using cached sniffio-1.3.0-py3-none-any.whl (10 kB)
[2023-07-05T16:21:11.073+0000] {process_utils.py:189} INFO - Collecting exceptiongroup>=1.0.0rc9 (from trio~=0.17->selenium->-r /tmp/venv8imqkm68/requirements.txt (line 4))
[2023-07-05T16:21:11.075+0000] {process_utils.py:189} INFO -   Using cached exceptiongroup-1.1.2-py3-none-any.whl (14 kB)
[2023-07-05T16:21:11.118+0000] {process_utils.py:189} INFO - Collecting wsproto>=0.14 (from trio-websocket~=0.9->selenium->-r /tmp/venv8imqkm68/requirements.txt (line 4))
[2023-07-05T16:21:11.119+0000] {process_utils.py:189} INFO -   Using cached wsproto-1.2.0-py3-none-any.whl (24 kB)
[2023-07-05T16:21:11.173+0000] {process_utils.py:189} INFO - Collecting pysocks!=1.5.7,<2.0,>=1.5.6 (from urllib3<3,>=1.21.1->requests->-r /tmp/venv8imqkm68/requirements.txt (line 1))
[2023-07-05T16:21:11.175+0000] {process_utils.py:189} INFO -   Using cached PySocks-1.7.1-py3-none-any.whl (16 kB)
[2023-07-05T16:21:11.280+0000] {process_utils.py:189} INFO - Collecting importlib-metadata (from attrs>=20.1.0->trio~=0.17->selenium->-r /tmp/venv8imqkm68/requirements.txt (line 4))
[2023-07-05T16:21:11.282+0000] {process_utils.py:189} INFO -   Using cached importlib_metadata-6.7.0-py3-none-any.whl (22 kB)
[2023-07-05T16:21:11.335+0000] {process_utils.py:189} INFO - Collecting h11<1,>=0.9.0 (from wsproto>=0.14->trio-websocket~=0.9->selenium->-r /tmp/venv8imqkm68/requirements.txt (line 4))
[2023-07-05T16:21:11.337+0000] {process_utils.py:189} INFO -   Using cached h11-0.14.0-py3-none-any.whl (58 kB)
[2023-07-05T16:21:11.403+0000] {process_utils.py:189} INFO - Collecting typing-extensions (from h11<1,>=0.9.0->wsproto>=0.14->trio-websocket~=0.9->selenium->-r /tmp/venv8imqkm68/requirements.txt (line 4))
[2023-07-05T16:21:11.404+0000] {process_utils.py:189} INFO -   Using cached typing_extensions-4.7.1-py3-none-any.whl (33 kB)
[2023-07-05T16:21:11.480+0000] {process_utils.py:189} INFO - Collecting zipp>=0.5 (from importlib-metadata->attrs>=20.1.0->trio~=0.17->selenium->-r /tmp/venv8imqkm68/requirements.txt (line 4))
[2023-07-05T16:21:11.481+0000] {process_utils.py:189} INFO -   Using cached zipp-3.15.0-py3-none-any.whl (6.8 kB)
[2023-07-05T16:21:11.717+0000] {process_utils.py:189} INFO - Installing collected packages: sortedcontainers, pytz, zipp, urllib3, typing-extensions, soupsieve, sniffio, six, pysocks, numpy, lxml, idna, exceptiongroup, charset-normalizer, certifi, requests, python-dateutil, importlib-metadata, h11, beautifulsoup4, wsproto, pandas, attrs, outcome, trio, trio-websocket, selenium
[2023-07-05T16:21:19.125+0000] {process_utils.py:189} INFO - Successfully installed attrs-23.1.0 beautifulsoup4-4.12.2 certifi-2023.5.7 charset-normalizer-3.1.0 exceptiongroup-1.1.2 h11-0.14.0 idna-3.4 importlib-metadata-6.7.0 lxml-4.9.3 numpy-1.21.6 outcome-1.2.0 pandas-1.3.5 pysocks-1.7.1 python-dateutil-2.8.2 pytz-2023.3 requests-2.31.0 selenium-4.10.0 six-1.16.0 sniffio-1.3.0 sortedcontainers-2.4.0 soupsieve-2.4.1 trio-0.22.1 trio-websocket-0.10.3 typing-extensions-4.7.1 urllib3-2.0.3 wsproto-1.2.0 zipp-3.15.0
[2023-07-05T16:21:19.432+0000] {process_utils.py:181} INFO - Executing cmd: /tmp/venv8imqkm68/bin/python /tmp/venv8imqkm68/script.py /tmp/venv8imqkm68/script.in /tmp/venv8imqkm68/script.out /tmp/venv8imqkm68/string_args.txt
[2023-07-05T16:21:19.440+0000] {process_utils.py:185} INFO - Output:
[2023-07-05T16:21:19.496+0000] {process_utils.py:189} INFO - Traceback (most recent call last):
[2023-07-05T16:21:19.497+0000] {process_utils.py:189} INFO -   File "/tmp/venv8imqkm68/script.py", line 29, in <module>
[2023-07-05T16:21:19.497+0000] {process_utils.py:189} INFO -     res = callable_virtualenv(*arg_dict["args"], **arg_dict["kwargs"])
[2023-07-05T16:21:19.497+0000] {process_utils.py:189} INFO -   File "/tmp/venv8imqkm68/script.py", line 26, in callable_virtualenv
[2023-07-05T16:21:19.497+0000] {process_utils.py:189} INFO -     import sklearn
[2023-07-05T16:21:19.497+0000] {process_utils.py:189} INFO - ModuleNotFoundError: No module named 'sklearn'
[2023-07-05T16:21:19.656+0000] {taskinstance.py:1824} ERROR - Task failed with exception
Traceback (most recent call last):
  File "/home/airflow/.local/lib/python3.7/site-packages/airflow/decorators/base.py", line 220, in execute
    return_value = super().execute(context)
  File "/home/airflow/.local/lib/python3.7/site-packages/airflow/operators/python.py", line 374, in execute
    return super().execute(context=serializable_context)
  File "/home/airflow/.local/lib/python3.7/site-packages/airflow/operators/python.py", line 181, in execute
    return_value = self.execute_callable()
  File "/home/airflow/.local/lib/python3.7/site-packages/airflow/operators/python.py", line 578, in execute_callable
    result = self._execute_python_callable_in_subprocess(python_path, tmp_path)
  File "/home/airflow/.local/lib/python3.7/site-packages/airflow/operators/python.py", line 434, in _execute_python_callable_in_subprocess
    os.fspath(string_args_path),
  File "/home/airflow/.local/lib/python3.7/site-packages/airflow/utils/process_utils.py", line 170, in execute_in_subprocess
    execute_in_subprocess_with_kwargs(cmd, cwd=cwd)
  File "/home/airflow/.local/lib/python3.7/site-packages/airflow/utils/process_utils.py", line 193, in execute_in_subprocess_with_kwargs
    raise subprocess.CalledProcessError(exit_code, cmd)
subprocess.CalledProcessError: Command '['/tmp/venv8imqkm68/bin/python', '/tmp/venv8imqkm68/script.py', '/tmp/venv8imqkm68/script.in', '/tmp/venv8imqkm68/script.out', '/tmp/venv8imqkm68/string_args.txt']' returned non-zero exit status 1.
[2023-07-05T16:21:19.664+0000] {taskinstance.py:1350} INFO - Marking task as FAILED. dag_id=initiallize_python_scrap_data_dag, task_id=virtualenv_python, execution_date=20230705T162106, start_date=20230705T162106, end_date=20230705T162119
[2023-07-05T16:21:19.677+0000] {standard_task_runner.py:109} ERROR - Failed to execute job 37 for task virtualenv_python (Command '['/tmp/venv8imqkm68/bin/python', '/tmp/venv8imqkm68/script.py', '/tmp/venv8imqkm68/script.in', '/tmp/venv8imqkm68/script.out', '/tmp/venv8imqkm68/string_args.txt']' returned non-zero exit status 1.; 1931)
[2023-07-05T16:21:19.723+0000] {local_task_job_runner.py:225} INFO - Task exited with return code 1
[2023-07-05T16:21:19.740+0000] {taskinstance.py:2653} INFO - 0 downstream tasks scheduled from follow-on schedule check
