[2023-07-07T18:53:15.839+0000] {taskinstance.py:1103} INFO - Dependencies all met for dep_context=non-requeueable deps ti=<TaskInstance: test_imports_v10.get_data scheduled__2023-07-05T00:00:00+00:00 [queued]>
[2023-07-07T18:53:15.845+0000] {taskinstance.py:1103} INFO - Dependencies all met for dep_context=requeueable deps ti=<TaskInstance: test_imports_v10.get_data scheduled__2023-07-05T00:00:00+00:00 [queued]>
[2023-07-07T18:53:15.845+0000] {taskinstance.py:1308} INFO - Starting attempt 1 of 1
[2023-07-07T18:53:15.855+0000] {taskinstance.py:1327} INFO - Executing <Task(_PythonVirtualenvDecoratedOperator): get_data> on 2023-07-05 00:00:00+00:00
[2023-07-07T18:53:15.859+0000] {standard_task_runner.py:57} INFO - Started process 1991 to run task
[2023-07-07T18:53:15.861+0000] {standard_task_runner.py:84} INFO - Running: ['***', 'tasks', 'run', 'test_imports_v10', 'get_data', 'scheduled__2023-07-05T00:00:00+00:00', '--job-id', '86', '--raw', '--subdir', 'DAGS_FOLDER/scrap_data.py', '--cfg-path', '/tmp/tmplpmcc7ol']
[2023-07-07T18:53:15.861+0000] {standard_task_runner.py:85} INFO - Job 86: Subtask get_data
[2023-07-07T18:53:15.891+0000] {task_command.py:410} INFO - Running <TaskInstance: test_imports_v10.get_data scheduled__2023-07-05T00:00:00+00:00 [running]> on host d409bdcb9602
[2023-07-07T18:53:15.946+0000] {taskinstance.py:1547} INFO - Exporting env vars: AIRFLOW_CTX_DAG_OWNER='***' AIRFLOW_CTX_DAG_ID='test_imports_v10' AIRFLOW_CTX_TASK_ID='get_data' AIRFLOW_CTX_EXECUTION_DATE='2023-07-05T00:00:00+00:00' AIRFLOW_CTX_TRY_NUMBER='1' AIRFLOW_CTX_DAG_RUN_ID='scheduled__2023-07-05T00:00:00+00:00'
[2023-07-07T18:53:15.947+0000] {process_utils.py:181} INFO - Executing cmd: /usr/local/bin/python -m virtualenv /tmp/venv78dc0yrl
[2023-07-07T18:53:15.954+0000] {process_utils.py:185} INFO - Output:
[2023-07-07T18:53:16.806+0000] {process_utils.py:189} INFO - created virtual environment CPython3.7.17.final.0-64 in 307ms
[2023-07-07T18:53:16.806+0000] {process_utils.py:189} INFO -   creator CPython3Posix(dest=/tmp/venv78dc0yrl, clear=False, no_vcs_ignore=False, global=False)
[2023-07-07T18:53:16.807+0000] {process_utils.py:189} INFO -   seeder FromAppData(download=False, pip=bundle, setuptools=bundle, wheel=bundle, via=copy, app_data_dir=/home/***/.local/share/virtualenv)
[2023-07-07T18:53:16.807+0000] {process_utils.py:189} INFO -     added seed packages: pip==23.1.2, setuptools==67.8.0, wheel==0.40.0
[2023-07-07T18:53:16.807+0000] {process_utils.py:189} INFO -   activators BashActivator,CShellActivator,FishActivator,NushellActivator,PowerShellActivator,PythonActivator
[2023-07-07T18:53:16.833+0000] {process_utils.py:181} INFO - Executing cmd: /tmp/venv78dc0yrl/bin/pip install -r /tmp/venv78dc0yrl/requirements.txt
[2023-07-07T18:53:16.839+0000] {process_utils.py:185} INFO - Output:
[2023-07-07T18:53:18.125+0000] {process_utils.py:189} INFO - Collecting selenium (from -r /tmp/venv78dc0yrl/requirements.txt (line 1))
[2023-07-07T18:53:18.156+0000] {process_utils.py:189} INFO -   Using cached selenium-4.10.0-py3-none-any.whl (6.7 MB)
[2023-07-07T18:53:18.251+0000] {process_utils.py:189} INFO - Collecting urllib3[socks]<3,>=1.26 (from selenium->-r /tmp/venv78dc0yrl/requirements.txt (line 1))
[2023-07-07T18:53:18.254+0000] {process_utils.py:189} INFO -   Using cached urllib3-2.0.3-py3-none-any.whl (123 kB)
[2023-07-07T18:53:18.301+0000] {process_utils.py:189} INFO - Collecting trio~=0.17 (from selenium->-r /tmp/venv78dc0yrl/requirements.txt (line 1))
[2023-07-07T18:53:18.312+0000] {process_utils.py:189} INFO -   Using cached trio-0.22.1-py3-none-any.whl (399 kB)
[2023-07-07T18:53:18.356+0000] {process_utils.py:189} INFO - Collecting trio-websocket~=0.9 (from selenium->-r /tmp/venv78dc0yrl/requirements.txt (line 1))
[2023-07-07T18:53:18.360+0000] {process_utils.py:189} INFO -   Using cached trio_websocket-0.10.3-py3-none-any.whl (17 kB)
[2023-07-07T18:53:18.413+0000] {process_utils.py:189} INFO - Collecting certifi>=2021.10.8 (from selenium->-r /tmp/venv78dc0yrl/requirements.txt (line 1))
[2023-07-07T18:53:18.416+0000] {process_utils.py:189} INFO -   Using cached certifi-2023.5.7-py3-none-any.whl (156 kB)
[2023-07-07T18:53:18.475+0000] {process_utils.py:189} INFO - Collecting attrs>=20.1.0 (from trio~=0.17->selenium->-r /tmp/venv78dc0yrl/requirements.txt (line 1))
[2023-07-07T18:53:18.478+0000] {process_utils.py:189} INFO -   Using cached attrs-23.1.0-py3-none-any.whl (61 kB)
[2023-07-07T18:53:18.530+0000] {process_utils.py:189} INFO - Collecting sortedcontainers (from trio~=0.17->selenium->-r /tmp/venv78dc0yrl/requirements.txt (line 1))
[2023-07-07T18:53:18.534+0000] {process_utils.py:189} INFO -   Using cached sortedcontainers-2.4.0-py2.py3-none-any.whl (29 kB)
[2023-07-07T18:53:18.582+0000] {process_utils.py:189} INFO - Collecting idna (from trio~=0.17->selenium->-r /tmp/venv78dc0yrl/requirements.txt (line 1))
[2023-07-07T18:53:18.586+0000] {process_utils.py:189} INFO -   Using cached idna-3.4-py3-none-any.whl (61 kB)
[2023-07-07T18:53:18.623+0000] {process_utils.py:189} INFO - Collecting outcome (from trio~=0.17->selenium->-r /tmp/venv78dc0yrl/requirements.txt (line 1))
[2023-07-07T18:53:18.625+0000] {process_utils.py:189} INFO -   Using cached outcome-1.2.0-py2.py3-none-any.whl (9.7 kB)
[2023-07-07T18:53:18.661+0000] {process_utils.py:189} INFO - Collecting sniffio (from trio~=0.17->selenium->-r /tmp/venv78dc0yrl/requirements.txt (line 1))
[2023-07-07T18:53:18.664+0000] {process_utils.py:189} INFO -   Using cached sniffio-1.3.0-py3-none-any.whl (10 kB)
[2023-07-07T18:53:18.708+0000] {process_utils.py:189} INFO - Collecting exceptiongroup>=1.0.0rc9 (from trio~=0.17->selenium->-r /tmp/venv78dc0yrl/requirements.txt (line 1))
[2023-07-07T18:53:18.710+0000] {process_utils.py:189} INFO -   Using cached exceptiongroup-1.1.2-py3-none-any.whl (14 kB)
[2023-07-07T18:53:18.758+0000] {process_utils.py:189} INFO - Collecting wsproto>=0.14 (from trio-websocket~=0.9->selenium->-r /tmp/venv78dc0yrl/requirements.txt (line 1))
[2023-07-07T18:53:18.761+0000] {process_utils.py:189} INFO -   Using cached wsproto-1.2.0-py3-none-any.whl (24 kB)
[2023-07-07T18:53:18.818+0000] {process_utils.py:189} INFO - Collecting pysocks!=1.5.7,<2.0,>=1.5.6 (from urllib3[socks]<3,>=1.26->selenium->-r /tmp/venv78dc0yrl/requirements.txt (line 1))
[2023-07-07T18:53:18.821+0000] {process_utils.py:189} INFO -   Using cached PySocks-1.7.1-py3-none-any.whl (16 kB)
[2023-07-07T18:53:18.936+0000] {process_utils.py:189} INFO - Collecting importlib-metadata (from attrs>=20.1.0->trio~=0.17->selenium->-r /tmp/venv78dc0yrl/requirements.txt (line 1))
[2023-07-07T18:53:18.939+0000] {process_utils.py:189} INFO -   Using cached importlib_metadata-6.7.0-py3-none-any.whl (22 kB)
[2023-07-07T18:53:18.999+0000] {process_utils.py:189} INFO - Collecting h11<1,>=0.9.0 (from wsproto>=0.14->trio-websocket~=0.9->selenium->-r /tmp/venv78dc0yrl/requirements.txt (line 1))
[2023-07-07T18:53:19.003+0000] {process_utils.py:189} INFO -   Using cached h11-0.14.0-py3-none-any.whl (58 kB)
[2023-07-07T18:53:19.078+0000] {process_utils.py:189} INFO - Collecting typing-extensions (from h11<1,>=0.9.0->wsproto>=0.14->trio-websocket~=0.9->selenium->-r /tmp/venv78dc0yrl/requirements.txt (line 1))
[2023-07-07T18:53:19.080+0000] {process_utils.py:189} INFO -   Using cached typing_extensions-4.7.1-py3-none-any.whl (33 kB)
[2023-07-07T18:53:19.152+0000] {process_utils.py:189} INFO - Collecting zipp>=0.5 (from importlib-metadata->attrs>=20.1.0->trio~=0.17->selenium->-r /tmp/venv78dc0yrl/requirements.txt (line 1))
[2023-07-07T18:53:19.154+0000] {process_utils.py:189} INFO -   Using cached zipp-3.15.0-py3-none-any.whl (6.8 kB)
[2023-07-07T18:53:19.323+0000] {process_utils.py:189} INFO - Installing collected packages: sortedcontainers, zipp, urllib3, typing-extensions, sniffio, pysocks, idna, exceptiongroup, certifi, importlib-metadata, h11, wsproto, attrs, outcome, trio, trio-websocket, selenium
[2023-07-07T18:53:20.310+0000] {process_utils.py:189} INFO - Successfully installed attrs-23.1.0 certifi-2023.5.7 exceptiongroup-1.1.2 h11-0.14.0 idna-3.4 importlib-metadata-6.7.0 outcome-1.2.0 pysocks-1.7.1 selenium-4.10.0 sniffio-1.3.0 sortedcontainers-2.4.0 trio-0.22.1 trio-websocket-0.10.3 typing-extensions-4.7.1 urllib3-2.0.3 wsproto-1.2.0 zipp-3.15.0
[2023-07-07T18:53:20.523+0000] {process_utils.py:181} INFO - Executing cmd: /tmp/venv78dc0yrl/bin/python /tmp/venv78dc0yrl/script.py /tmp/venv78dc0yrl/script.in /tmp/venv78dc0yrl/script.out /tmp/venv78dc0yrl/string_args.txt
[2023-07-07T18:53:20.531+0000] {process_utils.py:185} INFO - Output:
[2023-07-07T18:53:20.589+0000] {process_utils.py:189} INFO - ['/tmp/venv78dc0yrl', '/usr/local/lib/python37.zip', '/usr/local/lib/python3.7', '/usr/local/lib/python3.7/lib-dynload', '/tmp/venv78dc0yrl/lib/python3.7/site-packages']
[2023-07-07T18:53:20.589+0000] {process_utils.py:189} INFO - 4.10.0
[2023-07-07T18:53:20.589+0000] {process_utils.py:189} INFO - Traceback (most recent call last):
[2023-07-07T18:53:20.589+0000] {process_utils.py:189} INFO -   File "/tmp/venv78dc0yrl/script.py", line 33, in <module>
[2023-07-07T18:53:20.589+0000] {process_utils.py:189} INFO -     res = get_data(*arg_dict["args"], **arg_dict["kwargs"])
[2023-07-07T18:53:20.589+0000] {process_utils.py:189} INFO -   File "/tmp/venv78dc0yrl/script.py", line 30, in get_data
[2023-07-07T18:53:20.589+0000] {process_utils.py:189} INFO -     import pandas as pd
[2023-07-07T18:53:20.589+0000] {process_utils.py:189} INFO - ModuleNotFoundError: No module named 'pandas'
[2023-07-07T18:53:20.636+0000] {taskinstance.py:1824} ERROR - Task failed with exception
Traceback (most recent call last):
  File "/home/airflow/.local/lib/python3.7/site-packages/airflow/decorators/base.py", line 220, in execute
    return_value = super().execute(context)
  File "/home/airflow/.local/lib/python3.7/site-packages/airflow/operators/python.py", line 374, in execute
    return super().execute(context=serializable_context)
  File "/home/airflow/.local/lib/python3.7/site-packages/airflow/operators/python.py", line 181, in execute
    return_value = self.execute_callable()
  File "/home/airflow/.local/lib/python3.7/site-packages/airflow/operators/python.py", line 578, in execute_callable
    result = self._execute_python_callable_in_subprocess(python_path, tmp_path)
  File "/home/airflow/.local/lib/python3.7/site-packages/airflow/operators/python.py", line 434, in _execute_python_callable_in_subprocess
    os.fspath(string_args_path),
  File "/home/airflow/.local/lib/python3.7/site-packages/airflow/utils/process_utils.py", line 170, in execute_in_subprocess
    execute_in_subprocess_with_kwargs(cmd, cwd=cwd)
  File "/home/airflow/.local/lib/python3.7/site-packages/airflow/utils/process_utils.py", line 193, in execute_in_subprocess_with_kwargs
    raise subprocess.CalledProcessError(exit_code, cmd)
subprocess.CalledProcessError: Command '['/tmp/venv78dc0yrl/bin/python', '/tmp/venv78dc0yrl/script.py', '/tmp/venv78dc0yrl/script.in', '/tmp/venv78dc0yrl/script.out', '/tmp/venv78dc0yrl/string_args.txt']' returned non-zero exit status 1.
[2023-07-07T18:53:20.643+0000] {taskinstance.py:1350} INFO - Marking task as FAILED. dag_id=test_imports_v10, task_id=get_data, execution_date=20230705T000000, start_date=20230707T185315, end_date=20230707T185320
[2023-07-07T18:53:20.654+0000] {standard_task_runner.py:109} ERROR - Failed to execute job 86 for task get_data (Command '['/tmp/venv78dc0yrl/bin/python', '/tmp/venv78dc0yrl/script.py', '/tmp/venv78dc0yrl/script.in', '/tmp/venv78dc0yrl/script.out', '/tmp/venv78dc0yrl/string_args.txt']' returned non-zero exit status 1.; 1991)
[2023-07-07T18:53:20.699+0000] {local_task_job_runner.py:225} INFO - Task exited with return code 1
[2023-07-07T18:53:20.711+0000] {taskinstance.py:2653} INFO - 0 downstream tasks scheduled from follow-on schedule check
