[2023-07-07T23:53:26.849+0000] {taskinstance.py:1103} INFO - Dependencies all met for dep_context=non-requeueable deps ti=<TaskInstance: dag_scrap_biobio_v9.scrap_data scheduled__2023-07-06T00:00:00+00:00 [queued]>
[2023-07-07T23:53:26.855+0000] {taskinstance.py:1103} INFO - Dependencies all met for dep_context=requeueable deps ti=<TaskInstance: dag_scrap_biobio_v9.scrap_data scheduled__2023-07-06T00:00:00+00:00 [queued]>
[2023-07-07T23:53:26.855+0000] {taskinstance.py:1308} INFO - Starting attempt 1 of 1
[2023-07-07T23:53:26.866+0000] {taskinstance.py:1327} INFO - Executing <Task(_PythonVirtualenvDecoratedOperator): scrap_data> on 2023-07-06 00:00:00+00:00
[2023-07-07T23:53:26.870+0000] {standard_task_runner.py:57} INFO - Started process 1800 to run task
[2023-07-07T23:53:26.872+0000] {standard_task_runner.py:84} INFO - Running: ['***', 'tasks', 'run', 'dag_scrap_biobio_v9', 'scrap_data', 'scheduled__2023-07-06T00:00:00+00:00', '--job-id', '115', '--raw', '--subdir', 'DAGS_FOLDER/dag_scrap_biobio.py', '--cfg-path', '/tmp/tmps474dv9k']
[2023-07-07T23:53:26.872+0000] {standard_task_runner.py:85} INFO - Job 115: Subtask scrap_data
[2023-07-07T23:53:26.905+0000] {task_command.py:410} INFO - Running <TaskInstance: dag_scrap_biobio_v9.scrap_data scheduled__2023-07-06T00:00:00+00:00 [running]> on host 3371e7602d27
[2023-07-07T23:53:26.968+0000] {taskinstance.py:1547} INFO - Exporting env vars: AIRFLOW_CTX_DAG_OWNER='***' AIRFLOW_CTX_DAG_ID='dag_scrap_biobio_v9' AIRFLOW_CTX_TASK_ID='scrap_data' AIRFLOW_CTX_EXECUTION_DATE='2023-07-06T00:00:00+00:00' AIRFLOW_CTX_TRY_NUMBER='1' AIRFLOW_CTX_DAG_RUN_ID='scheduled__2023-07-06T00:00:00+00:00'
[2023-07-07T23:53:26.969+0000] {process_utils.py:181} INFO - Executing cmd: /usr/local/bin/python -m virtualenv /tmp/venvasbkwr_9
[2023-07-07T23:53:26.979+0000] {process_utils.py:185} INFO - Output:
[2023-07-07T23:53:27.826+0000] {process_utils.py:189} INFO - created virtual environment CPython3.7.17.final.0-64 in 176ms
[2023-07-07T23:53:27.827+0000] {process_utils.py:189} INFO -   creator CPython3Posix(dest=/tmp/venvasbkwr_9, clear=False, no_vcs_ignore=False, global=False)
[2023-07-07T23:53:27.827+0000] {process_utils.py:189} INFO -   seeder FromAppData(download=False, pip=bundle, setuptools=bundle, wheel=bundle, via=copy, app_data_dir=/home/***/.local/share/virtualenv)
[2023-07-07T23:53:27.827+0000] {process_utils.py:189} INFO -     added seed packages: pip==23.1, setuptools==67.6.1, wheel==0.40.0
[2023-07-07T23:53:27.827+0000] {process_utils.py:189} INFO -   activators BashActivator,CShellActivator,FishActivator,NushellActivator,PowerShellActivator,PythonActivator
[2023-07-07T23:53:27.857+0000] {process_utils.py:181} INFO - Executing cmd: /tmp/venvasbkwr_9/bin/pip install -r /tmp/venvasbkwr_9/requirements.txt
[2023-07-07T23:53:27.866+0000] {process_utils.py:185} INFO - Output:
[2023-07-07T23:53:28.824+0000] {process_utils.py:189} INFO - WARNING: The directory '/home/***/.cache/pip' or its parent directory is not owned or is not writable by the current user. The cache has been disabled. Check the permissions and owner of that directory. If executing pip with sudo, you should use sudo's -H flag.
[2023-07-07T23:53:29.196+0000] {process_utils.py:189} INFO - Collecting selenium (from -r /tmp/venvasbkwr_9/requirements.txt (line 1))
[2023-07-07T23:53:29.321+0000] {process_utils.py:189} INFO -   Downloading selenium-4.10.0-py3-none-any.whl (6.7 MB)
[2023-07-07T23:53:29.504+0000] {process_utils.py:189} INFO -      ━━━━━━━━━━━━━━━━━━━━━━━━━━━━━━━━━━━━━━━━ 6.7/6.7 MB 37.3 MB/s eta 0:00:00
[2023-07-07T23:53:29.679+0000] {process_utils.py:189} INFO - Collecting dateparser (from -r /tmp/venvasbkwr_9/requirements.txt (line 2))
[2023-07-07T23:53:29.707+0000] {process_utils.py:189} INFO -   Downloading dateparser-1.1.8-py2.py3-none-any.whl (293 kB)
[2023-07-07T23:53:29.716+0000] {process_utils.py:189} INFO -      ━━━━━━━━━━━━━━━━━━━━━━━━━━━━━━━━━━━━━━ 293.8/293.8 kB 49.8 MB/s eta 0:00:00
[2023-07-07T23:53:29.810+0000] {process_utils.py:189} INFO - Collecting urllib3[socks]<3,>=1.26 (from selenium->-r /tmp/venvasbkwr_9/requirements.txt (line 1))
[2023-07-07T23:53:29.831+0000] {process_utils.py:189} INFO -   Downloading urllib3-2.0.3-py3-none-any.whl (123 kB)
[2023-07-07T23:53:29.837+0000] {process_utils.py:189} INFO -      ━━━━━━━━━━━━━━━━━━━━━━━━━━━━━━━━━━━━━━ 123.6/123.6 kB 36.2 MB/s eta 0:00:00
[2023-07-07T23:53:29.995+0000] {process_utils.py:189} INFO - Collecting trio~=0.17 (from selenium->-r /tmp/venvasbkwr_9/requirements.txt (line 1))
[2023-07-07T23:53:30.020+0000] {process_utils.py:189} INFO -   Downloading trio-0.22.1-py3-none-any.whl (399 kB)
[2023-07-07T23:53:30.028+0000] {process_utils.py:189} INFO -      ━━━━━━━━━━━━━━━━━━━━━━━━━━━━━━━━━━━━━━ 399.3/399.3 kB 70.0 MB/s eta 0:00:00
[2023-07-07T23:53:30.197+0000] {process_utils.py:189} INFO - Collecting trio-websocket~=0.9 (from selenium->-r /tmp/venvasbkwr_9/requirements.txt (line 1))
[2023-07-07T23:53:30.223+0000] {process_utils.py:189} INFO -   Downloading trio_websocket-0.10.3-py3-none-any.whl (17 kB)
[2023-07-07T23:53:30.289+0000] {process_utils.py:189} INFO - Collecting certifi>=2021.10.8 (from selenium->-r /tmp/venvasbkwr_9/requirements.txt (line 1))
[2023-07-07T23:53:30.316+0000] {process_utils.py:189} INFO -   Downloading certifi-2023.5.7-py3-none-any.whl (156 kB)
[2023-07-07T23:53:30.322+0000] {process_utils.py:189} INFO -      ━━━━━━━━━━━━━━━━━━━━━━━━━━━━━━━━━━━━━━ 157.0/157.0 kB 59.2 MB/s eta 0:00:00
[2023-07-07T23:53:30.387+0000] {process_utils.py:189} INFO - Collecting python-dateutil (from dateparser->-r /tmp/venvasbkwr_9/requirements.txt (line 2))
[2023-07-07T23:53:30.411+0000] {process_utils.py:189} INFO -   Downloading python_dateutil-2.8.2-py2.py3-none-any.whl (247 kB)
[2023-07-07T23:53:30.419+0000] {process_utils.py:189} INFO -      ━━━━━━━━━━━━━━━━━━━━━━━━━━━━━━━━━━━━━━ 247.7/247.7 kB 39.3 MB/s eta 0:00:00
[2023-07-07T23:53:30.526+0000] {process_utils.py:189} INFO - Collecting pytz (from dateparser->-r /tmp/venvasbkwr_9/requirements.txt (line 2))
[2023-07-07T23:53:30.553+0000] {process_utils.py:189} INFO -   Downloading pytz-2023.3-py2.py3-none-any.whl (502 kB)
[2023-07-07T23:53:30.565+0000] {process_utils.py:189} INFO -      ━━━━━━━━━━━━━━━━━━━━━━━━━━━━━━━━━━━━━━ 502.3/502.3 kB 51.2 MB/s eta 0:00:00
[2023-07-07T23:53:31.358+0000] {process_utils.py:189} INFO - Collecting regex!=2019.02.19,!=2021.8.27 (from dateparser->-r /tmp/venvasbkwr_9/requirements.txt (line 2))
[2023-07-07T23:53:31.382+0000] {process_utils.py:189} INFO -   Downloading regex-2023.6.3-cp37-cp37m-manylinux_2_17_x86_64.manylinux2014_x86_64.whl (755 kB)
[2023-07-07T23:53:31.399+0000] {process_utils.py:189} INFO -      ━━━━━━━━━━━━━━━━━━━━━━━━━━━━━━━━━━━━━━ 755.7/755.7 kB 54.9 MB/s eta 0:00:00
[2023-07-07T23:53:31.570+0000] {process_utils.py:189} INFO - Collecting tzlocal (from dateparser->-r /tmp/venvasbkwr_9/requirements.txt (line 2))
[2023-07-07T23:53:31.597+0000] {process_utils.py:189} INFO -   Downloading tzlocal-5.0.1-py3-none-any.whl (20 kB)
[2023-07-07T23:53:31.656+0000] {process_utils.py:189} INFO - Collecting attrs>=20.1.0 (from trio~=0.17->selenium->-r /tmp/venvasbkwr_9/requirements.txt (line 1))
[2023-07-07T23:53:31.681+0000] {process_utils.py:189} INFO -   Downloading attrs-23.1.0-py3-none-any.whl (61 kB)
[2023-07-07T23:53:31.685+0000] {process_utils.py:189} INFO -      ━━━━━━━━━━━━━━━━━━━━━━━━━━━━━━━━━━━━━━━━ 61.2/61.2 kB 38.5 MB/s eta 0:00:00
[2023-07-07T23:53:31.731+0000] {process_utils.py:189} INFO - Collecting sortedcontainers (from trio~=0.17->selenium->-r /tmp/venvasbkwr_9/requirements.txt (line 1))
[2023-07-07T23:53:31.754+0000] {process_utils.py:189} INFO -   Downloading sortedcontainers-2.4.0-py2.py3-none-any.whl (29 kB)
[2023-07-07T23:53:31.802+0000] {process_utils.py:189} INFO - Collecting idna (from trio~=0.17->selenium->-r /tmp/venvasbkwr_9/requirements.txt (line 1))
[2023-07-07T23:53:31.828+0000] {process_utils.py:189} INFO -   Downloading idna-3.4-py3-none-any.whl (61 kB)
[2023-07-07T23:53:31.831+0000] {process_utils.py:189} INFO -      ━━━━━━━━━━━━━━━━━━━━━━━━━━━━━━━━━━━━━━━━ 61.5/61.5 kB 50.5 MB/s eta 0:00:00
[2023-07-07T23:53:31.987+0000] {process_utils.py:189} INFO - Collecting outcome (from trio~=0.17->selenium->-r /tmp/venvasbkwr_9/requirements.txt (line 1))
[2023-07-07T23:53:32.009+0000] {process_utils.py:189} INFO -   Downloading outcome-1.2.0-py2.py3-none-any.whl (9.7 kB)
[2023-07-07T23:53:32.043+0000] {process_utils.py:189} INFO - Collecting sniffio (from trio~=0.17->selenium->-r /tmp/venvasbkwr_9/requirements.txt (line 1))
[2023-07-07T23:53:32.068+0000] {process_utils.py:189} INFO -   Downloading sniffio-1.3.0-py3-none-any.whl (10 kB)
[2023-07-07T23:53:32.112+0000] {process_utils.py:189} INFO - Collecting exceptiongroup>=1.0.0rc9 (from trio~=0.17->selenium->-r /tmp/venvasbkwr_9/requirements.txt (line 1))
[2023-07-07T23:53:32.134+0000] {process_utils.py:189} INFO -   Downloading exceptiongroup-1.1.2-py3-none-any.whl (14 kB)
[2023-07-07T23:53:32.295+0000] {process_utils.py:189} INFO - Collecting wsproto>=0.14 (from trio-websocket~=0.9->selenium->-r /tmp/venvasbkwr_9/requirements.txt (line 1))
[2023-07-07T23:53:32.317+0000] {process_utils.py:189} INFO -   Downloading wsproto-1.2.0-py3-none-any.whl (24 kB)
[2023-07-07T23:53:32.385+0000] {process_utils.py:189} INFO - Collecting pysocks!=1.5.7,<2.0,>=1.5.6 (from urllib3[socks]<3,>=1.26->selenium->-r /tmp/venvasbkwr_9/requirements.txt (line 1))
[2023-07-07T23:53:32.409+0000] {process_utils.py:189} INFO -   Downloading PySocks-1.7.1-py3-none-any.whl (16 kB)
[2023-07-07T23:53:32.586+0000] {process_utils.py:189} INFO - Collecting six>=1.5 (from python-dateutil->dateparser->-r /tmp/venvasbkwr_9/requirements.txt (line 2))
[2023-07-07T23:53:32.608+0000] {process_utils.py:189} INFO -   Downloading six-1.16.0-py2.py3-none-any.whl (11 kB)
[2023-07-07T23:53:32.793+0000] {process_utils.py:189} INFO - Collecting backports.zoneinfo (from tzlocal->dateparser->-r /tmp/venvasbkwr_9/requirements.txt (line 2))
[2023-07-07T23:53:32.818+0000] {process_utils.py:189} INFO -   Downloading backports.zoneinfo-0.2.1-cp37-cp37m-manylinux1_x86_64.whl (70 kB)
[2023-07-07T23:53:32.823+0000] {process_utils.py:189} INFO -      ━━━━━━━━━━━━━━━━━━━━━━━━━━━━━━━━━━━━━━━━ 70.7/70.7 kB 43.9 MB/s eta 0:00:00
[2023-07-07T23:53:32.943+0000] {process_utils.py:189} INFO - Collecting importlib-metadata (from attrs>=20.1.0->trio~=0.17->selenium->-r /tmp/venvasbkwr_9/requirements.txt (line 1))
[2023-07-07T23:53:32.966+0000] {process_utils.py:189} INFO -   Downloading importlib_metadata-6.7.0-py3-none-any.whl (22 kB)
[2023-07-07T23:53:33.012+0000] {process_utils.py:189} INFO - Collecting h11<1,>=0.9.0 (from wsproto>=0.14->trio-websocket~=0.9->selenium->-r /tmp/venvasbkwr_9/requirements.txt (line 1))
[2023-07-07T23:53:33.035+0000] {process_utils.py:189} INFO -   Downloading h11-0.14.0-py3-none-any.whl (58 kB)
[2023-07-07T23:53:33.040+0000] {process_utils.py:189} INFO -      ━━━━━━━━━━━━━━━━━━━━━━━━━━━━━━━━━━━━━━━━ 58.3/58.3 kB 27.7 MB/s eta 0:00:00
[2023-07-07T23:53:33.118+0000] {process_utils.py:189} INFO - Collecting typing-extensions (from h11<1,>=0.9.0->wsproto>=0.14->trio-websocket~=0.9->selenium->-r /tmp/venvasbkwr_9/requirements.txt (line 1))
[2023-07-07T23:53:33.140+0000] {process_utils.py:189} INFO -   Downloading typing_extensions-4.7.1-py3-none-any.whl (33 kB)
[2023-07-07T23:53:33.216+0000] {process_utils.py:189} INFO - Collecting zipp>=0.5 (from importlib-metadata->attrs>=20.1.0->trio~=0.17->selenium->-r /tmp/venvasbkwr_9/requirements.txt (line 1))
[2023-07-07T23:53:33.239+0000] {process_utils.py:189} INFO -   Downloading zipp-3.15.0-py3-none-any.whl (6.8 kB)
[2023-07-07T23:53:33.485+0000] {process_utils.py:189} INFO - Installing collected packages: sortedcontainers, pytz, zipp, urllib3, typing-extensions, sniffio, six, regex, pysocks, idna, exceptiongroup, certifi, backports.zoneinfo, tzlocal, python-dateutil, importlib-metadata, h11, wsproto, dateparser, attrs, outcome, trio, trio-websocket, selenium
[2023-07-07T23:53:34.987+0000] {process_utils.py:189} INFO - Successfully installed attrs-23.1.0 backports.zoneinfo-0.2.1 certifi-2023.5.7 dateparser-1.1.8 exceptiongroup-1.1.2 h11-0.14.0 idna-3.4 importlib-metadata-6.7.0 outcome-1.2.0 pysocks-1.7.1 python-dateutil-2.8.2 pytz-2023.3 regex-2023.6.3 selenium-4.10.0 six-1.16.0 sniffio-1.3.0 sortedcontainers-2.4.0 trio-0.22.1 trio-websocket-0.10.3 typing-extensions-4.7.1 tzlocal-5.0.1 urllib3-2.0.3 wsproto-1.2.0 zipp-3.15.0
[2023-07-07T23:53:35.139+0000] {process_utils.py:189} INFO - 
[2023-07-07T23:53:35.139+0000] {process_utils.py:189} INFO - [notice] A new release of pip is available: 23.1 -> 23.1.2
[2023-07-07T23:53:35.139+0000] {process_utils.py:189} INFO - [notice] To update, run: python -m pip install --upgrade pip
[2023-07-07T23:53:35.300+0000] {process_utils.py:181} INFO - Executing cmd: /tmp/venvasbkwr_9/bin/python /tmp/venvasbkwr_9/script.py /tmp/venvasbkwr_9/script.in /tmp/venvasbkwr_9/script.out /tmp/venvasbkwr_9/string_args.txt
[2023-07-07T23:53:35.310+0000] {process_utils.py:185} INFO - Output:
[2023-07-07T23:53:45.845+0000] {process_utils.py:189} INFO - 1) BROWSER OK
[2023-07-07T23:53:45.846+0000] {process_utils.py:189} INFO - 2) GET OK
[2023-07-07T23:53:45.846+0000] {process_utils.py:189} INFO - 3) BUTTON OK
[2023-07-07T23:53:45.846+0000] {process_utils.py:189} INFO - 4) CLICK OK
[2023-07-07T23:53:45.846+0000] {process_utils.py:189} INFO - 5) FETCH OK
[2023-07-07T23:53:45.846+0000] {process_utils.py:189} INFO - 6) FETCH 2 OK
[2023-07-07T23:53:45.846+0000] {process_utils.py:189} INFO - 4) CLICK OK
[2023-07-07T23:53:45.846+0000] {process_utils.py:189} INFO - 5) FETCH OK
[2023-07-07T23:53:45.846+0000] {process_utils.py:189} INFO - 6) FETCH 2 OK
[2023-07-07T23:53:45.846+0000] {process_utils.py:189} INFO - 4) CLICK OK
[2023-07-07T23:53:45.847+0000] {process_utils.py:189} INFO - 5) FETCH OK
[2023-07-07T23:53:45.847+0000] {process_utils.py:189} INFO - 6) FETCH 2 OK
[2023-07-07T23:53:45.847+0000] {process_utils.py:189} INFO - 4) CLICK OK
[2023-07-07T23:53:45.847+0000] {process_utils.py:189} INFO - 5) FETCH OK
[2023-07-07T23:53:45.847+0000] {process_utils.py:189} INFO - 6) FETCH 2 OK
[2023-07-07T23:53:45.847+0000] {process_utils.py:189} INFO - 4) CLICK OK
[2023-07-07T23:53:45.847+0000] {process_utils.py:189} INFO - 5) FETCH OK
[2023-07-07T23:53:45.847+0000] {process_utils.py:189} INFO - 6) FETCH 2 OK
[2023-07-07T23:53:45.847+0000] {process_utils.py:189} INFO - Loading data...
[2023-07-07T23:53:45.849+0000] {process_utils.py:189} INFO - SCRAPPED: El Juzgado de Garantía de San Pedro de La Paz condenó a penas de entre cuatro años y cinco años de presidio, remitido con libertad vigilada, a los tres procesados por el fraude a Innovaciones Forestales, empresa forestal de la región del Bío Bío y al fondo de inversión privado Equitas. La querella fue presentada por el directorio del fondo de inversión privado Equitas Capital II, principal accionista de Innovaciones Forestales. Región del Bío Bío En un juicio abreviado, el exgerente general de Innovaciones Forestales, Eduardo Ugarte, fue condenado a cinco años de presidio; el contralor de Innovaciones Forestales, Joel Muñoz, a cuatro años de presidio y el dueño de Forestal Los Acacios, Renato Pinto, a cinco años de presidio. Eduardo Ugarte fue sentenciado por falsificación de instrumento privado y estafa por $ 200 millones que afectó al fondo de inversión privado Equitas Capital II. A su vez, junto a Pinto, como coautores, por apropiación indebida de los recursos de Innovaciones Forestales, por la suma de $1.396 millones. Los tres también fueron sentenciados por estafar a diversos factoring. Por último, Pinto fue condenado por la falsificación de la auditoría de KPMG. Los sentenciados, liderados por Eduardo Ugarte, forman parte de una organización delictual que entre los años 2014 y 2016 elaboraron y establecieron un sistema de defraudación. El actuar de los exejecutivos de Innovaciones Forestales y dueño de Forestal Los Acacios En un actuar coordinado y aprovechando la relación comercial existente entre Innovaciones Forestales y Forestal Los Acacios en la compra y venta de madera, esta última sociedad emitía facturas ideológicamente falsas por madera que no entregaba, recibiendo ingresos que no correspondían. Además, Forestal Los Acacios cedía las facturas que estaban previamente pagadas por Innovaciones Forestales a diversos factoring, generando un segundo ingreso por la venta de la misma madera. Para llevar adelante su cometido los exejecutivos de Innovaciones Forestales falsificaron reportes financieros mensuales, los estados financieros anuales y los informes de auditoría que entregaban al directorio de la empresa. Tras la sentencia, el abogado de Equitas Capital II, Alejandro Espinoza, indicó que “estamos frente a una investigación contundente por parte de la Fiscalía, que en todos estos años pudo reunir un sin número de antecedentes que le permitieron demostrar la configuración de los delitos y la autoría de los responsables”. Agregando que “el fondo de inversión Equitas, que aportó el 100% del capital de Innovaciones Forestales, fue defraudado por el exgerente general y director de esta compañía, Eduardo Ugarte, en coautoría con otros altos ejecutivos de dicha empresa, generando un desfalco millonario, que provocó la liquidación de esta importante empresa forestal”.
[2023-07-07T23:53:45.849+0000] {process_utils.py:189} INFO - Caso Innovaciones Forestales: condenan a exejecutivos por estafa, apropiación indebida y falsificación https://www.biobiochile.cl/noticias/nacional/region-del-bio-bio/2023/07/07/caso-innovaciones-forestales-condenan-a-exejecutivos-por-estafa-apropiacion-indebida-y-falsificacion.shtml
[2023-07-07T23:53:45.850+0000] {process_utils.py:189} INFO - Traceback (most recent call last):
[2023-07-07T23:53:45.850+0000] {process_utils.py:189} INFO -   File "/tmp/venvasbkwr_9/script.py", line 159, in <module>
[2023-07-07T23:53:45.850+0000] {process_utils.py:189} INFO -     res = scrapData(*arg_dict["args"], **arg_dict["kwargs"])
[2023-07-07T23:53:45.850+0000] {process_utils.py:189} INFO -   File "/tmp/venvasbkwr_9/script.py", line 137, in scrapData
[2023-07-07T23:53:45.850+0000] {process_utils.py:189} INFO -     title = str(elem.find_element(By.CLASS_NAME, 'article-title').text)
[2023-07-07T23:53:45.850+0000] {process_utils.py:189} INFO -   File "/tmp/venvasbkwr_9/lib/python3.7/site-packages/selenium/webdriver/remote/webelement.py", line 417, in find_element
[2023-07-07T23:53:45.850+0000] {process_utils.py:189} INFO -     return self._execute(Command.FIND_CHILD_ELEMENT, {"using": by, "value": value})["value"]
[2023-07-07T23:53:45.850+0000] {process_utils.py:189} INFO -   File "/tmp/venvasbkwr_9/lib/python3.7/site-packages/selenium/webdriver/remote/webelement.py", line 395, in _execute
[2023-07-07T23:53:45.850+0000] {process_utils.py:189} INFO -     return self._parent.execute(command, params)
[2023-07-07T23:53:45.850+0000] {process_utils.py:189} INFO -   File "/tmp/venvasbkwr_9/lib/python3.7/site-packages/selenium/webdriver/remote/webdriver.py", line 346, in execute
[2023-07-07T23:53:45.850+0000] {process_utils.py:189} INFO -     self.error_handler.check_response(response)
[2023-07-07T23:53:45.851+0000] {process_utils.py:189} INFO -   File "/tmp/venvasbkwr_9/lib/python3.7/site-packages/selenium/webdriver/remote/errorhandler.py", line 245, in check_response
[2023-07-07T23:53:45.851+0000] {process_utils.py:189} INFO -     raise exception_class(message, screen, stacktrace)
[2023-07-07T23:53:45.851+0000] {process_utils.py:189} INFO - selenium.common.exceptions.StaleElementReferenceException: Message: stale element reference: stale element not found
[2023-07-07T23:53:45.851+0000] {process_utils.py:189} INFO -   (Session info: headless chrome=114.0.5735.106); For documentation on this error, please visit: https://www.selenium.dev/documentation/webdriver/troubleshooting/errors#stale-element-reference-exception
[2023-07-07T23:53:45.851+0000] {process_utils.py:189} INFO - Stacktrace:
[2023-07-07T23:53:45.851+0000] {process_utils.py:189} INFO - #0 0x5650c7701743 <unknown>
[2023-07-07T23:53:45.851+0000] {process_utils.py:189} INFO - #1 0x5650c74316ac <unknown>
[2023-07-07T23:53:45.851+0000] {process_utils.py:189} INFO - #2 0x5650c743e67c <unknown>
[2023-07-07T23:53:45.851+0000] {process_utils.py:189} INFO - #3 0x5650c7436074 <unknown>
[2023-07-07T23:53:45.851+0000] {process_utils.py:189} INFO - #4 0x5650c7435272 <unknown>
[2023-07-07T23:53:45.851+0000] {process_utils.py:189} INFO - #5 0x5650c7437235 <unknown>
[2023-07-07T23:53:45.851+0000] {process_utils.py:189} INFO - #6 0x5650c7437314 <unknown>
[2023-07-07T23:53:45.852+0000] {process_utils.py:189} INFO - #7 0x5650c746be1b <unknown>
[2023-07-07T23:53:45.852+0000] {process_utils.py:189} INFO - #8 0x5650c746c5f1 <unknown>
[2023-07-07T23:53:45.852+0000] {process_utils.py:189} INFO - #9 0x5650c7462eb7 <unknown>
[2023-07-07T23:53:45.852+0000] {process_utils.py:189} INFO - #10 0x5650c748d8ed <unknown>
[2023-07-07T23:53:45.852+0000] {process_utils.py:189} INFO - #11 0x5650c7462dca <unknown>
[2023-07-07T23:53:45.852+0000] {process_utils.py:189} INFO - #12 0x5650c748db4e <unknown>
[2023-07-07T23:53:45.852+0000] {process_utils.py:189} INFO - #13 0x5650c74a4a21 <unknown>
[2023-07-07T23:53:45.852+0000] {process_utils.py:189} INFO - #14 0x5650c748d683 <unknown>
[2023-07-07T23:53:45.852+0000] {process_utils.py:189} INFO - #15 0x5650c7460f63 <unknown>
[2023-07-07T23:53:45.852+0000] {process_utils.py:189} INFO - #16 0x5650c74624d2 <unknown>
[2023-07-07T23:53:45.852+0000] {process_utils.py:189} INFO - #17 0x5650c76cfce8 <unknown>
[2023-07-07T23:53:45.852+0000] {process_utils.py:189} INFO - #18 0x5650c76d3a13 <unknown>
[2023-07-07T23:53:45.853+0000] {process_utils.py:189} INFO - #19 0x5650c76d34b6 <unknown>
[2023-07-07T23:53:45.853+0000] {process_utils.py:189} INFO - #20 0x5650c76d3ef5 <unknown>
[2023-07-07T23:53:45.853+0000] {process_utils.py:189} INFO - #21 0x5650c76da6e6 <unknown>
[2023-07-07T23:53:45.853+0000] {process_utils.py:189} INFO - #22 0x5650c76d4273 <unknown>
[2023-07-07T23:53:45.853+0000] {process_utils.py:189} INFO - #23 0x5650c76a99b6 <unknown>
[2023-07-07T23:53:45.853+0000] {process_utils.py:189} INFO - #24 0x5650c76edbe5 <unknown>
[2023-07-07T23:53:45.853+0000] {process_utils.py:189} INFO - #25 0x5650c76edd8e <unknown>
[2023-07-07T23:53:45.853+0000] {process_utils.py:189} INFO - #26 0x5650c76fbaef <unknown>
[2023-07-07T23:53:45.853+0000] {process_utils.py:189} INFO - #27 0x7f28f7c51fd4 <unknown>
[2023-07-07T23:53:45.853+0000] {process_utils.py:189} INFO - 
[2023-07-07T23:53:45.948+0000] {taskinstance.py:1824} ERROR - Task failed with exception
Traceback (most recent call last):
  File "/home/airflow/.local/lib/python3.7/site-packages/airflow/decorators/base.py", line 220, in execute
    return_value = super().execute(context)
  File "/home/airflow/.local/lib/python3.7/site-packages/airflow/operators/python.py", line 374, in execute
    return super().execute(context=serializable_context)
  File "/home/airflow/.local/lib/python3.7/site-packages/airflow/operators/python.py", line 181, in execute
    return_value = self.execute_callable()
  File "/home/airflow/.local/lib/python3.7/site-packages/airflow/operators/python.py", line 578, in execute_callable
    result = self._execute_python_callable_in_subprocess(python_path, tmp_path)
  File "/home/airflow/.local/lib/python3.7/site-packages/airflow/operators/python.py", line 434, in _execute_python_callable_in_subprocess
    os.fspath(string_args_path),
  File "/home/airflow/.local/lib/python3.7/site-packages/airflow/utils/process_utils.py", line 170, in execute_in_subprocess
    execute_in_subprocess_with_kwargs(cmd, cwd=cwd)
  File "/home/airflow/.local/lib/python3.7/site-packages/airflow/utils/process_utils.py", line 193, in execute_in_subprocess_with_kwargs
    raise subprocess.CalledProcessError(exit_code, cmd)
subprocess.CalledProcessError: Command '['/tmp/venvasbkwr_9/bin/python', '/tmp/venvasbkwr_9/script.py', '/tmp/venvasbkwr_9/script.in', '/tmp/venvasbkwr_9/script.out', '/tmp/venvasbkwr_9/string_args.txt']' returned non-zero exit status 1.
[2023-07-07T23:53:45.959+0000] {taskinstance.py:1350} INFO - Marking task as FAILED. dag_id=dag_scrap_biobio_v9, task_id=scrap_data, execution_date=20230706T000000, start_date=20230707T235326, end_date=20230707T235345
[2023-07-07T23:53:45.975+0000] {standard_task_runner.py:109} ERROR - Failed to execute job 115 for task scrap_data (Command '['/tmp/venvasbkwr_9/bin/python', '/tmp/venvasbkwr_9/script.py', '/tmp/venvasbkwr_9/script.in', '/tmp/venvasbkwr_9/script.out', '/tmp/venvasbkwr_9/string_args.txt']' returned non-zero exit status 1.; 1800)
[2023-07-07T23:53:46.004+0000] {local_task_job_runner.py:225} INFO - Task exited with return code 1
[2023-07-07T23:53:46.019+0000] {taskinstance.py:2653} INFO - 0 downstream tasks scheduled from follow-on schedule check
